<?xml version="1.0" encoding="UTF-8" standalone="yes"?><!DOCTYPE report PUBLIC "-//JACOCO//DTD Report 1.1//EN" "report.dtd"><report name="JGraphT - Demo"><sessioninfo id="Swiftone-2bd3f4b4" start="1753105101282" dump="1753105103959"/><package name="org/jgrapht/demo"><class name="org/jgrapht/demo/RelationshipEdge" sourcefilename="LabeledEdges.java"><method name="&lt;init&gt;" desc="(Ljava/lang/String;)V" line="112"><counter type="INSTRUCTION" missed="6" covered="0"/><counter type="LINE" missed="3" covered="0"/><counter type="COMPLEXITY" missed="1" covered="0"/><counter type="METHOD" missed="1" covered="0"/></method><method name="getLabel" desc="()Ljava/lang/String;" line="123"><counter type="INSTRUCTION" missed="3" covered="0"/><counter type="LINE" missed="1" covered="0"/><counter type="COMPLEXITY" missed="1" covered="0"/><counter type="METHOD" missed="1" covered="0"/></method><method name="toString" desc="()Ljava/lang/String;" line="129"><counter type="INSTRUCTION" missed="10" covered="0"/><counter type="LINE" missed="1" covered="0"/><counter type="COMPLEXITY" missed="1" covered="0"/><counter type="METHOD" missed="1" covered="0"/></method><counter type="INSTRUCTION" missed="19" covered="0"/><counter type="LINE" missed="5" covered="0"/><counter type="COMPLEXITY" missed="3" covered="0"/><counter type="METHOD" missed="3" covered="0"/><counter type="CLASS" missed="1" covered="0"/></class><class name="org/jgrapht/demo/GraphMLDemo$Color" sourcefilename="GraphMLDemo.java"><method name="&lt;init&gt;" desc="(Ljava/lang/String;ILjava/lang/String;)V" line="60"><counter type="INSTRUCTION" missed="8" covered="0"/><counter type="LINE" missed="3" covered="0"/><counter type="COMPLEXITY" missed="1" covered="0"/><counter type="METHOD" missed="1" covered="0"/></method><method name="toString" desc="()Ljava/lang/String;" line="66"><counter type="INSTRUCTION" missed="3" covered="0"/><counter type="LINE" missed="1" covered="0"/><counter type="COMPLEXITY" missed="1" covered="0"/><counter type="METHOD" missed="1" covered="0"/></method><method name="&lt;clinit&gt;" desc="()V" line="52"><counter type="INSTRUCTION" missed="17" covered="0"/><counter type="LINE" missed="3" covered="0"/><counter type="COMPLEXITY" missed="1" covered="0"/><counter type="METHOD" missed="1" covered="0"/></method><counter type="INSTRUCTION" missed="28" covered="0"/><counter type="LINE" missed="7" covered="0"/><counter type="COMPLEXITY" missed="3" covered="0"/><counter type="METHOD" missed="3" covered="0"/><counter type="CLASS" missed="1" covered="0"/></class><class name="org/jgrapht/demo/GraphMLDemo" sourcefilename="GraphMLDemo.java"><method name="&lt;init&gt;" desc="()V" line="41"><counter type="INSTRUCTION" missed="3" covered="0"/><counter type="LINE" missed="1" covered="0"/><counter type="COMPLEXITY" missed="1" covered="0"/><counter type="METHOD" missed="1" covered="0"/></method><method name="createExporter" desc="()Lorg/jgrapht/nio/GraphExporter;" line="175"><counter type="INSTRUCTION" missed="32" covered="0"/><counter type="LINE" missed="8" covered="0"/><counter type="COMPLEXITY" missed="1" covered="0"/><counter type="METHOD" missed="1" covered="0"/></method><method name="createImporter" desc="()Lorg/jgrapht/nio/GraphImporter;" line="232"><counter type="INSTRUCTION" missed="9" covered="0"/><counter type="LINE" missed="3" covered="0"/><counter type="COMPLEXITY" missed="1" covered="0"/><counter type="METHOD" missed="1" covered="0"/></method><method name="main" desc="([Ljava/lang/String;)V" line="271"><counter type="INSTRUCTION" missed="92" covered="0"/><counter type="BRANCH" missed="2" covered="0"/><counter type="LINE" missed="22" covered="0"/><counter type="COMPLEXITY" missed="2" covered="0"/><counter type="METHOD" missed="1" covered="0"/></method><method name="lambda$createImporter$3" desc="(Lorg/jgrapht/alg/util/Pair;Lorg/jgrapht/nio/Attribute;)V" line="238"><counter type="INSTRUCTION" missed="31" covered="0"/><counter type="BRANCH" missed="5" covered="0"/><counter type="LINE" missed="9" covered="0"/><counter type="COMPLEXITY" missed="4" covered="0"/><counter type="METHOD" missed="1" covered="0"/></method><method name="lambda$createExporter$2" desc="(Lorg/jgrapht/graph/DefaultWeightedEdge;)Ljava/util/Map;" line="206"><counter type="INSTRUCTION" missed="13" covered="0"/><counter type="LINE" missed="3" covered="0"/><counter type="COMPLEXITY" missed="1" covered="0"/><counter type="METHOD" missed="1" covered="0"/></method><method name="lambda$createExporter$1" desc="(Lorg/jgrapht/demo/GraphMLDemo$CustomVertex;)Ljava/util/Map;" line="187"><counter type="INSTRUCTION" missed="25" covered="0"/><counter type="BRANCH" missed="2" covered="0"/><counter type="LINE" missed="5" covered="0"/><counter type="COMPLEXITY" missed="2" covered="0"/><counter type="METHOD" missed="1" covered="0"/></method><method name="lambda$createExporter$0" desc="(Lorg/jgrapht/demo/GraphMLDemo$CustomVertex;)Ljava/lang/String;" line="176"><counter type="INSTRUCTION" missed="3" covered="0"/><counter type="LINE" missed="1" covered="0"/><counter type="COMPLEXITY" missed="1" covered="0"/><counter type="METHOD" missed="1" covered="0"/></method><method name="&lt;clinit&gt;" desc="()V" line="47"><counter type="INSTRUCTION" missed="6" covered="0"/><counter type="LINE" missed="1" covered="0"/><counter type="COMPLEXITY" missed="1" covered="0"/><counter type="METHOD" missed="1" covered="0"/></method><counter type="INSTRUCTION" missed="214" covered="0"/><counter type="BRANCH" missed="9" covered="0"/><counter type="LINE" missed="53" covered="0"/><counter type="COMPLEXITY" missed="14" covered="0"/><counter type="METHOD" missed="9" covered="0"/><counter type="CLASS" missed="1" covered="0"/></class><class name="org/jgrapht/demo/GraphMLDemo$CustomVertexSupplier" sourcefilename="GraphMLDemo.java"><method name="&lt;init&gt;" desc="()V" line="149"><counter type="INSTRUCTION" missed="6" covered="0"/><counter type="LINE" missed="2" covered="0"/><counter type="COMPLEXITY" missed="1" covered="0"/><counter type="METHOD" missed="1" covered="0"/></method><method name="get" desc="()Lorg/jgrapht/demo/GraphMLDemo$CustomVertex;" line="159"><counter type="INSTRUCTION" missed="18" covered="0"/><counter type="BRANCH" missed="2" covered="0"/><counter type="LINE" missed="2" covered="0"/><counter type="COMPLEXITY" missed="2" covered="0"/><counter type="METHOD" missed="1" covered="0"/></method><counter type="INSTRUCTION" missed="24" covered="0"/><counter type="BRANCH" missed="2" covered="0"/><counter type="LINE" missed="4" covered="0"/><counter type="COMPLEXITY" missed="3" covered="0"/><counter type="METHOD" missed="2" covered="0"/><counter type="CLASS" missed="1" covered="0"/></class><class name="org/jgrapht/demo/CompleteGraphDemo$1" sourcefilename="CompleteGraphDemo.java"><method name="&lt;init&gt;" desc="()V" line="52"><counter type="INSTRUCTION" missed="6" covered="0"/><counter type="LINE" missed="2" covered="0"/><counter type="COMPLEXITY" missed="1" covered="0"/><counter type="METHOD" missed="1" covered="0"/></method><method name="get" desc="()Ljava/lang/String;" line="58"><counter type="INSTRUCTION" missed="9" covered="0"/><counter type="LINE" missed="1" covered="0"/><counter type="COMPLEXITY" missed="1" covered="0"/><counter type="METHOD" missed="1" covered="0"/></method><counter type="INSTRUCTION" missed="15" covered="0"/><counter type="LINE" missed="3" covered="0"/><counter type="COMPLEXITY" missed="2" covered="0"/><counter type="METHOD" missed="2" covered="0"/><counter type="CLASS" missed="1" covered="0"/></class><class name="org/jgrapht/demo/KnightTour$DoublyLinkedList" sourcefilename="WarnsdorffRuleKnightTourHeuristic.java"><method name="&lt;init&gt;" desc="(Lorg/jgrapht/demo/KnightTour;)V" line="76"><counter type="INSTRUCTION" missed="0" covered="18"/><counter type="LINE" missed="0" covered="6"/><counter type="COMPLEXITY" missed="0" covered="1"/><counter type="METHOD" missed="0" covered="1"/></method><method name="getSize" desc="()I" line="85"><counter type="INSTRUCTION" missed="0" covered="3"/><counter type="LINE" missed="0" covered="1"/><counter type="COMPLEXITY" missed="0" covered="1"/><counter type="METHOD" missed="0" covered="1"/></method><method name="isEmpty" desc="()Z" line="90"><counter type="INSTRUCTION" missed="0" covered="7"/><counter type="BRANCH" missed="0" covered="2"/><counter type="LINE" missed="0" covered="1"/><counter type="COMPLEXITY" missed="0" covered="2"/><counter type="METHOD" missed="0" covered="1"/></method><method name="add" desc="(Ljava/lang/Object;)V" line="101"><counter type="INSTRUCTION" missed="0" covered="42"/><counter type="BRANCH" missed="0" covered="2"/><counter type="LINE" missed="0" covered="13"/><counter type="COMPLEXITY" missed="0" covered="2"/><counter type="METHOD" missed="0" covered="1"/></method><method name="remove" desc="()V" line="122"><counter type="INSTRUCTION" missed="35" covered="0"/><counter type="BRANCH" missed="4" covered="0"/><counter type="LINE" missed="10" covered="0"/><counter type="COMPLEXITY" missed="3" covered="0"/><counter type="METHOD" missed="1" covered="0"/></method><method name="getHead" desc="()Lorg/jgrapht/demo/KnightTour$Node;" line="137"><counter type="INSTRUCTION" missed="0" covered="3"/><counter type="LINE" missed="0" covered="1"/><counter type="COMPLEXITY" missed="0" covered="1"/><counter type="METHOD" missed="0" covered="1"/></method><method name="getTail" desc="()Lorg/jgrapht/demo/KnightTour$Node;" line="142"><counter type="INSTRUCTION" missed="0" covered="3"/><counter type="LINE" missed="0" covered="1"/><counter type="COMPLEXITY" missed="0" covered="1"/><counter type="METHOD" missed="0" covered="1"/></method><method name="clear" desc="()V" line="147"><counter type="INSTRUCTION" missed="0" covered="10"/><counter type="LINE" missed="0" covered="4"/><counter type="COMPLEXITY" missed="0" covered="1"/><counter type="METHOD" missed="0" covered="1"/></method><method name="setStartNode" desc="(Lorg/jgrapht/demo/KnightTour$Node;)V" line="154"><counter type="INSTRUCTION" missed="0" covered="4"/><counter type="LINE" missed="0" covered="2"/><counter type="COMPLEXITY" missed="0" covered="1"/><counter type="METHOD" missed="0" covered="1"/></method><method name="getStartNode" desc="()Lorg/jgrapht/demo/KnightTour$Node;" line="159"><counter type="INSTRUCTION" missed="0" covered="3"/><counter type="LINE" missed="0" covered="1"/><counter type="COMPLEXITY" missed="0" covered="1"/><counter type="METHOD" missed="0" covered="1"/></method><method name="setSize" desc="(I)V" line="164"><counter type="INSTRUCTION" missed="0" covered="4"/><counter type="LINE" missed="0" covered="2"/><counter type="COMPLEXITY" missed="0" covered="1"/><counter type="METHOD" missed="0" covered="1"/></method><counter type="INSTRUCTION" missed="35" covered="97"/><counter type="BRANCH" missed="4" covered="4"/><counter type="LINE" missed="10" covered="32"/><counter type="COMPLEXITY" missed="3" covered="12"/><counter type="METHOD" missed="1" covered="10"/><counter type="CLASS" missed="0" covered="1"/></class><class name="org/jgrapht/demo/GraphBuilderDemo" sourcefilename="GraphBuilderDemo.java"><method name="&lt;init&gt;" desc="()V" line="29"><counter type="INSTRUCTION" missed="3" covered="0"/><counter type="LINE" missed="1" covered="0"/><counter type="COMPLEXITY" missed="1" covered="0"/><counter type="METHOD" missed="1" covered="0"/></method><method name="main" desc="([Ljava/lang/String;)V" line="38"><counter type="INSTRUCTION" missed="3" covered="0"/><counter type="LINE" missed="2" covered="0"/><counter type="COMPLEXITY" missed="1" covered="0"/><counter type="METHOD" missed="1" covered="0"/></method><method name="buildEmptySimpleGraph" desc="()Lorg/jgrapht/Graph;" line="49"><counter type="INSTRUCTION" missed="11" covered="0"/><counter type="LINE" missed="3" covered="0"/><counter type="COMPLEXITY" missed="1" covered="0"/><counter type="METHOD" missed="1" covered="0"/></method><method name="buildKiteGraph" desc="()Lorg/jgrapht/Graph;" line="63"><counter type="INSTRUCTION" missed="41" covered="0"/><counter type="LINE" missed="2" covered="0"/><counter type="COMPLEXITY" missed="1" covered="0"/><counter type="METHOD" missed="1" covered="0"/></method><counter type="INSTRUCTION" missed="58" covered="0"/><counter type="LINE" missed="8" covered="0"/><counter type="COMPLEXITY" missed="4" covered="0"/><counter type="METHOD" missed="4" covered="0"/><counter type="CLASS" missed="1" covered="0"/></class><class name="org/jgrapht/demo/JGraphXAdapterDemo" sourcefilename="JGraphXAdapterDemo.java"><method name="&lt;init&gt;" desc="()V" line="36"><counter type="INSTRUCTION" missed="3" covered="0"/><counter type="LINE" missed="1" covered="0"/><counter type="COMPLEXITY" missed="1" covered="0"/><counter type="METHOD" missed="1" covered="0"/></method><method name="main" desc="([Ljava/lang/String;)V" line="54"><counter type="INSTRUCTION" missed="27" covered="0"/><counter type="LINE" missed="9" covered="0"/><counter type="COMPLEXITY" missed="1" covered="0"/><counter type="METHOD" missed="1" covered="0"/></method><method name="init" desc="()V" line="69"><counter type="INSTRUCTION" missed="123" covered="0"/><counter type="LINE" missed="28" covered="0"/><counter type="COMPLEXITY" missed="1" covered="0"/><counter type="METHOD" missed="1" covered="0"/></method><method name="&lt;clinit&gt;" desc="()V" line="42"><counter type="INSTRUCTION" missed="7" covered="0"/><counter type="LINE" missed="1" covered="0"/><counter type="COMPLEXITY" missed="1" covered="0"/><counter type="METHOD" missed="1" covered="0"/></method><counter type="INSTRUCTION" missed="160" covered="0"/><counter type="LINE" missed="39" covered="0"/><counter type="COMPLEXITY" missed="4" covered="0"/><counter type="METHOD" missed="4" covered="0"/><counter type="CLASS" missed="1" covered="0"/></class><class name="org/jgrapht/demo/HelloJGraphT" sourcefilename="HelloJGraphT.java"><method name="main" desc="([Ljava/lang/String;)V" line="61"><counter type="INSTRUCTION" missed="38" covered="0"/><counter type="LINE" missed="15" covered="0"/><counter type="COMPLEXITY" missed="1" covered="0"/><counter type="METHOD" missed="1" covered="0"/></method><method name="createHrefGraph" desc="()Lorg/jgrapht/Graph;" line="104"><counter type="INSTRUCTION" missed="54" covered="0"/><counter type="LINE" missed="12" covered="0"/><counter type="COMPLEXITY" missed="1" covered="0"/><counter type="METHOD" missed="1" covered="0"/></method><method name="traverseHrefGraph" desc="(Lorg/jgrapht/Graph;Ljava/net/URI;)V" line="136"><counter type="INSTRUCTION" missed="18" covered="0"/><counter type="BRANCH" missed="2" covered="0"/><counter type="LINE" missed="6" covered="0"/><counter type="COMPLEXITY" missed="2" covered="0"/><counter type="METHOD" missed="1" covered="0"/></method><method name="renderHrefGraph" desc="(Lorg/jgrapht/Graph;)V" line="154"><counter type="INSTRUCTION" missed="21" covered="0"/><counter type="LINE" missed="6" covered="0"/><counter type="COMPLEXITY" missed="1" covered="0"/><counter type="METHOD" missed="1" covered="0"/></method><method name="createStringGraph" desc="()Lorg/jgrapht/Graph;" line="174"><counter type="INSTRUCTION" missed="51" covered="0"/><counter type="LINE" missed="14" covered="0"/><counter type="COMPLEXITY" missed="1" covered="0"/><counter type="METHOD" missed="1" covered="0"/></method><method name="lambda$renderHrefGraph$2" desc="(Ljava/net/URI;)Ljava/util/Map;" line="157"><counter type="INSTRUCTION" missed="13" covered="0"/><counter type="LINE" missed="3" covered="0"/><counter type="COMPLEXITY" missed="1" covered="0"/><counter type="METHOD" missed="1" covered="0"/></method><method name="lambda$renderHrefGraph$1" desc="(Ljava/net/URI;)Ljava/lang/String;" line="155"><counter type="INSTRUCTION" missed="6" covered="0"/><counter type="LINE" missed="1" covered="0"/><counter type="COMPLEXITY" missed="1" covered="0"/><counter type="METHOD" missed="1" covered="0"/></method><method name="lambda$main$0" desc="(Ljava/net/URI;)Z" line="78"><counter type="INSTRUCTION" missed="5" covered="0"/><counter type="LINE" missed="1" covered="0"/><counter type="COMPLEXITY" missed="1" covered="0"/><counter type="METHOD" missed="1" covered="0"/></method><counter type="INSTRUCTION" missed="206" covered="0"/><counter type="BRANCH" missed="2" covered="0"/><counter type="LINE" missed="57" covered="0"/><counter type="COMPLEXITY" missed="9" covered="0"/><counter type="METHOD" missed="8" covered="0"/><counter type="CLASS" missed="1" covered="0"/></class><class name="org/jgrapht/demo/DirectedGraphDemo" sourcefilename="DirectedGraphDemo.java"><method name="&lt;init&gt;" desc="()V" line="43"><counter type="INSTRUCTION" missed="3" covered="0"/><counter type="LINE" missed="1" covered="0"/><counter type="COMPLEXITY" missed="1" covered="0"/><counter type="METHOD" missed="1" covered="0"/></method><method name="main" desc="([Ljava/lang/String;)V" line="55"><counter type="INSTRUCTION" missed="149" covered="0"/><counter type="BRANCH" missed="2" covered="0"/><counter type="LINE" missed="35" covered="0"/><counter type="COMPLEXITY" missed="2" covered="0"/><counter type="METHOD" missed="1" covered="0"/></method><counter type="INSTRUCTION" missed="152" covered="0"/><counter type="BRANCH" missed="2" covered="0"/><counter type="LINE" missed="36" covered="0"/><counter type="COMPLEXITY" missed="3" covered="0"/><counter type="METHOD" missed="2" covered="0"/><counter type="CLASS" missed="1" covered="0"/></class><class name="org/jgrapht/demo/ParberryKnightTour" sourcefilename="ParberryKnightTour.java"><method name="&lt;init&gt;" desc="(II)V" line="101"><counter type="INSTRUCTION" missed="0" covered="34"/><counter type="BRANCH" missed="0" covered="8"/><counter type="LINE" missed="0" covered="8"/><counter type="COMPLEXITY" missed="0" covered="5"/><counter type="METHOD" missed="0" covered="1"/></method><method name="generateTour" desc="(Lorg/jgrapht/alg/util/Pair;Lorg/jgrapht/alg/util/Pair;)Lorg/jgrapht/demo/KnightTour;" line="138"><counter type="INSTRUCTION" missed="0" covered="543"/><counter type="BRANCH" missed="0" covered="14"/><counter type="LINE" missed="0" covered="54"/><counter type="COMPLEXITY" missed="0" covered="8"/><counter type="METHOD" missed="0" covered="1"/></method><method name="getTour" desc="()Lorg/jgrapht/demo/KnightTour;" line="360"><counter type="INSTRUCTION" missed="0" covered="23"/><counter type="LINE" missed="0" covered="1"/><counter type="COMPLEXITY" missed="0" covered="1"/><counter type="METHOD" missed="0" covered="1"/></method><counter type="INSTRUCTION" missed="0" covered="600"/><counter type="BRANCH" missed="0" covered="22"/><counter type="LINE" missed="0" covered="63"/><counter type="COMPLEXITY" missed="0" covered="14"/><counter type="METHOD" missed="0" covered="3"/><counter type="CLASS" missed="0" covered="1"/></class><class name="org/jgrapht/demo/LabeledEdges" sourcefilename="LabeledEdges.java"><method name="&lt;init&gt;" desc="()V" line="31"><counter type="INSTRUCTION" missed="3" covered="0"/><counter type="LINE" missed="1" covered="0"/><counter type="COMPLEXITY" missed="1" covered="0"/><counter type="METHOD" missed="1" covered="0"/></method><method name="main" desc="([Ljava/lang/String;)V" line="44"><counter type="INSTRUCTION" missed="149" covered="0"/><counter type="BRANCH" missed="12" covered="0"/><counter type="LINE" missed="25" covered="0"/><counter type="COMPLEXITY" missed="7" covered="0"/><counter type="METHOD" missed="1" covered="0"/></method><method name="isEnemyOf" desc="(Lorg/jgrapht/Graph;Ljava/lang/String;Ljava/lang/String;)Z" line="90"><counter type="INSTRUCTION" missed="9" covered="0"/><counter type="LINE" missed="1" covered="0"/><counter type="COMPLEXITY" missed="1" covered="0"/><counter type="METHOD" missed="1" covered="0"/></method><method name="&lt;clinit&gt;" desc="()V" line="31"><counter type="INSTRUCTION" missed="1" covered="0"/><counter type="LINE" missed="1" covered="0"/><counter type="COMPLEXITY" missed="1" covered="0"/><counter type="METHOD" missed="1" covered="0"/></method><counter type="INSTRUCTION" missed="162" covered="0"/><counter type="BRANCH" missed="12" covered="0"/><counter type="LINE" missed="27" covered="0"/><counter type="COMPLEXITY" missed="10" covered="0"/><counter type="METHOD" missed="4" covered="0"/><counter type="CLASS" missed="1" covered="0"/></class><class name="org/jgrapht/demo/KnightTour" sourcefilename="WarnsdorffRuleKnightTourHeuristic.java"><method name="&lt;init&gt;" desc="()V" line="294"><counter type="INSTRUCTION" missed="0" covered="22"/><counter type="LINE" missed="0" covered="5"/><counter type="COMPLEXITY" missed="0" covered="1"/><counter type="METHOD" missed="0" covered="1"/></method><method name="toList" desc="()Ljava/util/List;" line="308"><counter type="INSTRUCTION" missed="0" covered="58"/><counter type="BRANCH" missed="0" covered="8"/><counter type="LINE" missed="0" covered="13"/><counter type="COMPLEXITY" missed="0" covered="5"/><counter type="METHOD" missed="0" covered="1"/></method><method name="getList" desc="()Lorg/jgrapht/demo/KnightTour$DoublyLinkedList;" line="336"><counter type="INSTRUCTION" missed="0" covered="3"/><counter type="LINE" missed="0" covered="1"/><counter type="COMPLEXITY" missed="0" covered="1"/><counter type="METHOD" missed="0" covered="1"/></method><method name="getStructured" desc="()Ljava/util/ArrayList;" line="341"><counter type="INSTRUCTION" missed="0" covered="3"/><counter type="LINE" missed="0" covered="1"/><counter type="COMPLEXITY" missed="0" covered="1"/><counter type="METHOD" missed="0" covered="1"/></method><counter type="INSTRUCTION" missed="0" covered="86"/><counter type="BRANCH" missed="0" covered="8"/><counter type="LINE" missed="0" covered="20"/><counter type="COMPLEXITY" missed="0" covered="8"/><counter type="METHOD" missed="0" covered="4"/><counter type="CLASS" missed="0" covered="1"/></class><class name="org/jgrapht/demo/KnightTour$Node" sourcefilename="WarnsdorffRuleKnightTourHeuristic.java"><method name="&lt;init&gt;" desc="(Ljava/lang/Object;)V" line="201"><counter type="INSTRUCTION" missed="0" covered="9"/><counter type="LINE" missed="0" covered="4"/><counter type="COMPLEXITY" missed="0" covered="1"/><counter type="METHOD" missed="0" covered="1"/></method><method name="&lt;init&gt;" desc="()V" line="201"><counter type="INSTRUCTION" missed="0" covered="6"/><counter type="LINE" missed="0" covered="3"/><counter type="COMPLEXITY" missed="0" covered="1"/><counter type="METHOD" missed="0" covered="1"/></method><method name="isVisited" desc="()Z" line="214"><counter type="INSTRUCTION" missed="0" covered="7"/><counter type="BRANCH" missed="0" covered="2"/><counter type="LINE" missed="0" covered="1"/><counter type="COMPLEXITY" missed="0" covered="2"/><counter type="METHOD" missed="0" covered="1"/></method><method name="setVisited" desc="(Z)V" line="219"><counter type="INSTRUCTION" missed="0" covered="4"/><counter type="LINE" missed="0" covered="2"/><counter type="COMPLEXITY" missed="0" covered="1"/><counter type="METHOD" missed="0" covered="1"/></method><method name="getValue" desc="()Ljava/lang/Object;" line="224"><counter type="INSTRUCTION" missed="0" covered="3"/><counter type="LINE" missed="0" covered="1"/><counter type="COMPLEXITY" missed="0" covered="1"/><counter type="METHOD" missed="0" covered="1"/></method><method name="getNext" desc="()Lorg/jgrapht/demo/KnightTour$Node;" line="229"><counter type="INSTRUCTION" missed="0" covered="3"/><counter type="LINE" missed="0" covered="1"/><counter type="COMPLEXITY" missed="0" covered="1"/><counter type="METHOD" missed="0" covered="1"/></method><method name="getPrev" desc="()Lorg/jgrapht/demo/KnightTour$Node;" line="234"><counter type="INSTRUCTION" missed="0" covered="3"/><counter type="LINE" missed="0" covered="1"/><counter type="COMPLEXITY" missed="0" covered="1"/><counter type="METHOD" missed="0" covered="1"/></method><method name="setPrev" desc="(Lorg/jgrapht/demo/KnightTour$Node;)V" line="239"><counter type="INSTRUCTION" missed="0" covered="4"/><counter type="LINE" missed="0" covered="2"/><counter type="COMPLEXITY" missed="0" covered="1"/><counter type="METHOD" missed="0" covered="1"/></method><method name="setNext" desc="(Lorg/jgrapht/demo/KnightTour$Node;)V" line="244"><counter type="INSTRUCTION" missed="0" covered="4"/><counter type="LINE" missed="0" covered="2"/><counter type="COMPLEXITY" missed="0" covered="1"/><counter type="METHOD" missed="0" covered="1"/></method><counter type="INSTRUCTION" missed="0" covered="43"/><counter type="BRANCH" missed="0" covered="2"/><counter type="LINE" missed="0" covered="16"/><counter type="COMPLEXITY" missed="0" covered="10"/><counter type="METHOD" missed="0" covered="9"/><counter type="CLASS" missed="0" covered="1"/></class><class name="org/jgrapht/demo/PerformanceDemo" sourcefilename="PerformanceDemo.java"><method name="&lt;init&gt;" desc="()V" line="43"><counter type="INSTRUCTION" missed="3" covered="0"/><counter type="LINE" missed="1" covered="0"/><counter type="COMPLEXITY" missed="1" covered="0"/><counter type="METHOD" missed="1" covered="0"/></method><method name="main" desc="([Ljava/lang/String;)V" line="52"><counter type="INSTRUCTION" missed="117" covered="0"/><counter type="BRANCH" missed="8" covered="0"/><counter type="LINE" missed="33" covered="0"/><counter type="COMPLEXITY" missed="5" covered="0"/><counter type="METHOD" missed="1" covered="0"/></method><method name="reportPerformanceFor" desc="(Ljava/lang/String;J)V" line="115"><counter type="INSTRUCTION" missed="27" covered="0"/><counter type="LINE" missed="5" covered="0"/><counter type="COMPLEXITY" missed="1" covered="0"/><counter type="METHOD" missed="1" covered="0"/></method><method name="usedMemory" desc="()J" line="123"><counter type="INSTRUCTION" missed="8" covered="0"/><counter type="LINE" missed="2" covered="0"/><counter type="COMPLEXITY" missed="1" covered="0"/><counter type="METHOD" missed="1" covered="0"/></method><counter type="INSTRUCTION" missed="155" covered="0"/><counter type="BRANCH" missed="8" covered="0"/><counter type="LINE" missed="41" covered="0"/><counter type="COMPLEXITY" missed="8" covered="0"/><counter type="METHOD" missed="4" covered="0"/><counter type="CLASS" missed="1" covered="0"/></class><class name="org/jgrapht/demo/GraphMLDemo$CustomVertex" sourcefilename="GraphMLDemo.java"><method name="&lt;init&gt;" desc="(Ljava/lang/String;)V" line="81"><counter type="INSTRUCTION" missed="5" covered="0"/><counter type="LINE" missed="2" covered="0"/><counter type="COMPLEXITY" missed="1" covered="0"/><counter type="METHOD" missed="1" covered="0"/></method><method name="&lt;init&gt;" desc="(Ljava/lang/String;Lorg/jgrapht/demo/GraphMLDemo$Color;)V" line="85"><counter type="INSTRUCTION" missed="9" covered="0"/><counter type="LINE" missed="4" covered="0"/><counter type="COMPLEXITY" missed="1" covered="0"/><counter type="METHOD" missed="1" covered="0"/></method><method name="hashCode" desc="()I" line="93"><counter type="INSTRUCTION" missed="9" covered="0"/><counter type="BRANCH" missed="2" covered="0"/><counter type="LINE" missed="1" covered="0"/><counter type="COMPLEXITY" missed="2" covered="0"/><counter type="METHOD" missed="1" covered="0"/></method><method name="equals" desc="(Ljava/lang/Object;)Z" line="99"><counter type="INSTRUCTION" missed="35" covered="0"/><counter type="BRANCH" missed="10" covered="0"/><counter type="LINE" missed="10" covered="0"/><counter type="COMPLEXITY" missed="6" covered="0"/><counter type="METHOD" missed="1" covered="0"/></method><method name="getColor" desc="()Lorg/jgrapht/demo/GraphMLDemo$Color;" line="115"><counter type="INSTRUCTION" missed="3" covered="0"/><counter type="LINE" missed="1" covered="0"/><counter type="COMPLEXITY" missed="1" covered="0"/><counter type="METHOD" missed="1" covered="0"/></method><method name="setColor" desc="(Lorg/jgrapht/demo/GraphMLDemo$Color;)V" line="120"><counter type="INSTRUCTION" missed="4" covered="0"/><counter type="LINE" missed="2" covered="0"/><counter type="COMPLEXITY" missed="1" covered="0"/><counter type="METHOD" missed="1" covered="0"/></method><method name="getId" desc="()Ljava/lang/String;" line="125"><counter type="INSTRUCTION" missed="3" covered="0"/><counter type="LINE" missed="1" covered="0"/><counter type="COMPLEXITY" missed="1" covered="0"/><counter type="METHOD" missed="1" covered="0"/></method><method name="setId" desc="(Ljava/lang/String;)V" line="130"><counter type="INSTRUCTION" missed="4" covered="0"/><counter type="LINE" missed="2" covered="0"/><counter type="COMPLEXITY" missed="1" covered="0"/><counter type="METHOD" missed="1" covered="0"/></method><method name="toString" desc="()Ljava/lang/String;" line="136"><counter type="INSTRUCTION" missed="28" covered="0"/><counter type="BRANCH" missed="2" covered="0"/><counter type="LINE" missed="6" covered="0"/><counter type="COMPLEXITY" missed="2" covered="0"/><counter type="METHOD" missed="1" covered="0"/></method><counter type="INSTRUCTION" missed="100" covered="0"/><counter type="BRANCH" missed="14" covered="0"/><counter type="LINE" missed="29" covered="0"/><counter type="COMPLEXITY" missed="16" covered="0"/><counter type="METHOD" missed="9" covered="0"/><counter type="CLASS" missed="1" covered="0"/></class><class name="org/jgrapht/demo/CompleteGraphDemo" sourcefilename="CompleteGraphDemo.java"><method name="&lt;init&gt;" desc="()V" line="38"><counter type="INSTRUCTION" missed="3" covered="0"/><counter type="LINE" missed="1" covered="0"/><counter type="COMPLEXITY" missed="1" covered="0"/><counter type="METHOD" missed="1" covered="0"/></method><method name="main" desc="([Ljava/lang/String;)V" line="51"><counter type="INSTRUCTION" missed="41" covered="0"/><counter type="BRANCH" missed="2" covered="0"/><counter type="LINE" missed="13" covered="0"/><counter type="COMPLEXITY" missed="2" covered="0"/><counter type="METHOD" missed="1" covered="0"/></method><counter type="INSTRUCTION" missed="44" covered="0"/><counter type="BRANCH" missed="2" covered="0"/><counter type="LINE" missed="14" covered="0"/><counter type="COMPLEXITY" missed="3" covered="0"/><counter type="METHOD" missed="2" covered="0"/><counter type="CLASS" missed="1" covered="0"/></class><class name="org/jgrapht/demo/TourType" sourcefilename="WarnsdorffRuleKnightTourHeuristic.java"><method name="&lt;clinit&gt;" desc="()V" line="28"><counter type="INSTRUCTION" missed="0" covered="15"/><counter type="LINE" missed="0" covered="3"/><counter type="COMPLEXITY" missed="0" covered="1"/><counter type="METHOD" missed="0" covered="1"/></method><counter type="INSTRUCTION" missed="0" covered="15"/><counter type="LINE" missed="0" covered="3"/><counter type="COMPLEXITY" missed="0" covered="1"/><counter type="METHOD" missed="0" covered="1"/><counter type="CLASS" missed="0" covered="1"/></class><class name="org/jgrapht/demo/DependencyDemo" sourcefilename="DependencyDemo.java"><method name="&lt;init&gt;" desc="()V" line="32"><counter type="INSTRUCTION" missed="3" covered="0"/><counter type="LINE" missed="1" covered="0"/><counter type="COMPLEXITY" missed="1" covered="0"/><counter type="METHOD" missed="1" covered="0"/></method><method name="test" desc="(Z)V" line="47"><counter type="INSTRUCTION" missed="130" covered="0"/><counter type="BRANCH" missed="12" covered="0"/><counter type="LINE" missed="34" covered="0"/><counter type="COMPLEXITY" missed="7" covered="0"/><counter type="METHOD" missed="1" covered="0"/></method><method name="main" desc="([Ljava/lang/String;)V" line="125"><counter type="INSTRUCTION" missed="16" covered="0"/><counter type="LINE" missed="7" covered="0"/><counter type="COMPLEXITY" missed="1" covered="0"/><counter type="METHOD" missed="1" covered="0"/></method><counter type="INSTRUCTION" missed="149" covered="0"/><counter type="BRANCH" missed="12" covered="0"/><counter type="LINE" missed="42" covered="0"/><counter type="COMPLEXITY" missed="9" covered="0"/><counter type="METHOD" missed="3" covered="0"/><counter type="CLASS" missed="1" covered="0"/></class><class name="org/jgrapht/demo/WarnsdorffRuleKnightTourHeuristic" sourcefilename="WarnsdorffRuleKnightTourHeuristic.java"><method name="&lt;init&gt;" desc="(I)V" line="433"><counter type="INSTRUCTION" missed="22" covered="0"/><counter type="BRANCH" missed="2" covered="0"/><counter type="LINE" missed="7" covered="0"/><counter type="COMPLEXITY" missed="2" covered="0"/><counter type="METHOD" missed="1" covered="0"/></method><method name="&lt;init&gt;" desc="(II)V" line="450"><counter type="INSTRUCTION" missed="8" covered="23"/><counter type="BRANCH" missed="5" covered="3"/><counter type="LINE" missed="1" covered="6"/><counter type="COMPLEXITY" missed="4" covered="1"/><counter type="METHOD" missed="0" covered="1"/></method><method name="getNumberOfUnusedNeighbours" desc="(Lorg/jgrapht/alg/util/Pair;)I" line="468"><counter type="INSTRUCTION" missed="0" covered="49"/><counter type="BRANCH" missed="0" covered="12"/><counter type="LINE" missed="0" covered="7"/><counter type="COMPLEXITY" missed="0" covered="7"/><counter type="METHOD" missed="0" covered="1"/></method><method name="handleTie" desc="(Ljava/util/ArrayList;)I" line="491"><counter type="INSTRUCTION" missed="0" covered="75"/><counter type="BRANCH" missed="0" covered="4"/><counter type="LINE" missed="0" covered="11"/><counter type="COMPLEXITY" missed="0" covered="3"/><counter type="METHOD" missed="0" covered="1"/></method><method name="getMoveWarnsdorff" desc="(Lorg/jgrapht/alg/util/Pair;)Lorg/jgrapht/alg/util/Pair;" line="517"><counter type="INSTRUCTION" missed="0" covered="147"/><counter type="BRANCH" missed="0" covered="18"/><counter type="LINE" missed="0" covered="24"/><counter type="COMPLEXITY" missed="0" covered="10"/><counter type="METHOD" missed="0" covered="1"/></method><method name="checkType" desc="(IIIILorg/jgrapht/demo/TourType;)Z" line="563"><counter type="INSTRUCTION" missed="28" covered="31"/><counter type="BRANCH" missed="9" covered="9"/><counter type="LINE" missed="2" covered="3"/><counter type="COMPLEXITY" missed="5" covered="5"/><counter type="METHOD" missed="0" covered="1"/></method><method name="checkStructured" desc="(Ljava/util/HashSet;Z)Z" line="584"><counter type="INSTRUCTION" missed="0" covered="422"/><counter type="BRANCH" missed="12" covered="22"/><counter type="LINE" missed="0" covered="16"/><counter type="COMPLEXITY" missed="12" covered="6"/><counter type="METHOD" missed="0" covered="1"/></method><method name="getMoves" desc="(Lorg/jgrapht/demo/KnightTour$DoublyLinkedList;)Ljava/util/HashSet;" line="621"><counter type="INSTRUCTION" missed="0" covered="33"/><counter type="BRANCH" missed="0" covered="2"/><counter type="LINE" missed="0" covered="8"/><counter type="COMPLEXITY" missed="0" covered="2"/><counter type="METHOD" missed="0" covered="1"/></method><method name="checkExistence" desc="(Lorg/jgrapht/demo/TourType;)Z" line="641"><counter type="INSTRUCTION" missed="37" covered="35"/><counter type="BRANCH" missed="26" covered="6"/><counter type="LINE" missed="1" covered="4"/><counter type="COMPLEXITY" missed="16" covered="1"/><counter type="METHOD" missed="0" covered="1"/></method><method name="updateStructuredPosition" desc="(Lorg/jgrapht/alg/util/Pair;)I" line="678"><counter type="INSTRUCTION" missed="0" covered="134"/><counter type="BRANCH" missed="0" covered="32"/><counter type="LINE" missed="0" covered="17"/><counter type="COMPLEXITY" missed="0" covered="17"/><counter type="METHOD" missed="0" covered="1"/></method><method name="getTour" desc="(Lorg/jgrapht/demo/TourType;ZII)Lorg/jgrapht/demo/KnightTour;" line="719"><counter type="INSTRUCTION" missed="14" covered="272"/><counter type="BRANCH" missed="8" covered="26"/><counter type="LINE" missed="3" covered="54"/><counter type="COMPLEXITY" missed="7" covered="11"/><counter type="METHOD" missed="0" covered="1"/></method><method name="&lt;clinit&gt;" desc="()V" line="418"><counter type="INSTRUCTION" missed="0" covered="71"/><counter type="LINE" missed="0" covered="2"/><counter type="COMPLEXITY" missed="0" covered="1"/><counter type="METHOD" missed="0" covered="1"/></method><counter type="INSTRUCTION" missed="109" covered="1292"/><counter type="BRANCH" missed="62" covered="134"/><counter type="LINE" missed="14" covered="152"/><counter type="COMPLEXITY" missed="46" covered="64"/><counter type="METHOD" missed="1" covered="11"/><counter type="CLASS" missed="0" covered="1"/></class><sourcefile name="LabeledEdges.java"><line nr="31" mi="4" ci="0" mb="0" cb="0"/><line nr="44" mi="5" ci="0" mb="0" cb="0"/><line nr="46" mi="4" ci="0" mb="0" cb="0"/><line nr="47" mi="4" ci="0" mb="0" cb="0"/><line nr="48" mi="4" ci="0" mb="0" cb="0"/><line nr="49" mi="4" ci="0" mb="0" cb="0"/><line nr="50" mi="4" ci="0" mb="0" cb="0"/><line nr="53" mi="10" ci="0" mb="2" cb="0"/><line nr="54" mi="4" ci="0" mb="0" cb="0"/><line nr="55" mi="4" ci="0" mb="2" cb="0"/><line nr="56" mi="9" ci="0" mb="0" cb="0"/><line nr="58" mi="1" ci="0" mb="0" cb="0"/><line nr="61" mi="9" ci="0" mb="0" cb="0"/><line nr="64" mi="9" ci="0" mb="0" cb="0"/><line nr="65" mi="9" ci="0" mb="0" cb="0"/><line nr="68" mi="9" ci="0" mb="0" cb="0"/><line nr="72" mi="11" ci="0" mb="2" cb="0"/><line nr="73" mi="5" ci="0" mb="0" cb="0"/><line nr="74" mi="5" ci="0" mb="0" cb="0"/><line nr="75" mi="5" ci="0" mb="2" cb="0"/><line nr="76" mi="9" ci="0" mb="0" cb="0"/><line nr="77" mi="5" ci="0" mb="2" cb="0"/><line nr="78" mi="8" ci="0" mb="0" cb="0"/><line nr="80" mi="1" ci="0" mb="0" cb="0"/><line nr="83" mi="10" ci="0" mb="2" cb="0"/><line nr="84" mi="1" ci="0" mb="0" cb="0"/><line nr="90" mi="9" ci="0" mb="0" cb="0"/><line nr="112" mi="2" ci="0" mb="0" cb="0"/><line nr="113" mi="3" ci="0" mb="0" cb="0"/><line nr="114" mi="1" ci="0" mb="0" cb="0"/><line nr="123" mi="3" ci="0" mb="0" cb="0"/><line nr="129" mi="10" ci="0" mb="0" cb="0"/><counter type="INSTRUCTION" missed="181" covered="0"/><counter type="BRANCH" missed="12" covered="0"/><counter type="LINE" missed="32" covered="0"/><counter type="COMPLEXITY" missed="13" covered="0"/><counter type="METHOD" missed="7" covered="0"/><counter type="CLASS" missed="2" covered="0"/></sourcefile><sourcefile name="WarnsdorffRuleKnightTourHeuristic.java"><line nr="28" mi="0" ci="3" mb="0" cb="0"/><line nr="30" mi="0" ci="6" mb="0" cb="0"/><line nr="31" mi="0" ci="6" mb="0" cb="0"/><line nr="76" mi="0" ci="5" mb="0" cb="0"/><line nr="77" mi="0" ci="3" mb="0" cb="0"/><line nr="78" mi="0" ci="3" mb="0" cb="0"/><line nr="79" mi="0" ci="3" mb="0" cb="0"/><line nr="80" mi="0" ci="3" mb="0" cb="0"/><line nr="81" mi="0" ci="1" mb="0" cb="0"/><line nr="85" mi="0" ci="3" mb="0" cb="0"/><line nr="90" mi="0" ci="7" mb="0" cb="2"/><line nr="101" mi="0" ci="5" mb="0" cb="0"/><line nr="102" mi="0" ci="6" mb="0" cb="0"/><line nr="103" mi="0" ci="3" mb="0" cb="2"/><line nr="104" mi="0" ci="3" mb="0" cb="0"/><line nr="105" mi="0" ci="3" mb="0" cb="0"/><line nr="106" mi="0" ci="3" mb="0" cb="0"/><line nr="107" mi="0" ci="3" mb="0" cb="0"/><line nr="108" mi="0" ci="1" mb="0" cb="0"/><line nr="110" mi="0" ci="4" mb="0" cb="0"/><line nr="111" mi="0" ci="4" mb="0" cb="0"/><line nr="112" mi="0" ci="3" mb="0" cb="0"/><line nr="113" mi="0" ci="3" mb="0" cb="0"/><line nr="114" mi="0" ci="1" mb="0" cb="0"/><line nr="122" mi="3" ci="0" mb="2" cb="0"/><line nr="123" mi="5" ci="0" mb="0" cb="0"/><line nr="125" mi="6" ci="0" mb="0" cb="0"/><line nr="126" mi="4" ci="0" mb="2" cb="0"/><line nr="127" mi="3" ci="0" mb="0" cb="0"/><line nr="128" mi="3" ci="0" mb="0" cb="0"/><line nr="129" mi="1" ci="0" mb="0" cb="0"/><line nr="131" mi="5" ci="0" mb="0" cb="0"/><line nr="132" mi="4" ci="0" mb="0" cb="0"/><line nr="133" mi="1" ci="0" mb="0" cb="0"/><line nr="137" mi="0" ci="3" mb="0" cb="0"/><line nr="142" mi="0" ci="3" mb="0" cb="0"/><line nr="147" mi="0" ci="3" mb="0" cb="0"/><line nr="148" mi="0" ci="3" mb="0" cb="0"/><line nr="149" mi="0" ci="3" mb="0" cb="0"/><line nr="150" mi="0" ci="1" mb="0" cb="0"/><line nr="154" mi="0" ci="3" mb="0" cb="0"/><line nr="155" mi="0" ci="1" mb="0" cb="0"/><line nr="159" mi="0" ci="3" mb="0" cb="0"/><line nr="164" mi="0" ci="3" mb="0" cb="0"/><line nr="165" mi="0" ci="1" mb="0" cb="0"/><line nr="201" mi="0" ci="6" mb="0" cb="0"/><line nr="204" mi="0" ci="2" mb="0" cb="0"/><line nr="205" mi="0" ci="3" mb="0" cb="0"/><line nr="206" mi="0" ci="1" mb="0" cb="0"/><line nr="209" mi="0" ci="2" mb="0" cb="0"/><line nr="210" mi="0" ci="1" mb="0" cb="0"/><line nr="214" mi="0" ci="7" mb="0" cb="2"/><line nr="219" mi="0" ci="3" mb="0" cb="0"/><line nr="220" mi="0" ci="1" mb="0" cb="0"/><line nr="224" mi="0" ci="3" mb="0" cb="0"/><line nr="229" mi="0" ci="3" mb="0" cb="0"/><line nr="234" mi="0" ci="3" mb="0" cb="0"/><line nr="239" mi="0" ci="3" mb="0" cb="0"/><line nr="240" mi="0" ci="1" mb="0" cb="0"/><line nr="244" mi="0" ci="3" mb="0" cb="0"/><line nr="245" mi="0" ci="1" mb="0" cb="0"/><line nr="294" mi="0" ci="2" mb="0" cb="0"/><line nr="295" mi="0" ci="10" mb="0" cb="0"/><line nr="296" mi="0" ci="6" mb="0" cb="0"/><line nr="297" mi="0" ci="3" mb="0" cb="0"/><line nr="298" mi="0" ci="1" mb="0" cb="0"/><line nr="308" mi="0" ci="3" mb="0" cb="2"/><line nr="309" mi="0" ci="3" mb="0" cb="0"/><line nr="312" mi="0" ci="4" mb="0" cb="0"/><line nr="313" mi="0" ci="3" mb="0" cb="0"/><line nr="314" mi="0" ci="5" mb="0" cb="0"/><line nr="315" mi="0" ci="7" mb="0" cb="0"/><line nr="321" mi="0" ci="8" mb="0" cb="4"/><line nr="322" mi="0" ci="4" mb="0" cb="2"/><line nr="323" mi="0" ci="4" mb="0" cb="0"/><line nr="325" mi="0" ci="3" mb="0" cb="0"/><line nr="327" mi="0" ci="7" mb="0" cb="0"/><line nr="328" mi="0" ci="4" mb="0" cb="0"/><line nr="331" mi="0" ci="3" mb="0" cb="0"/><line nr="336" mi="0" ci="3" mb="0" cb="0"/><line nr="341" mi="0" ci="3" mb="0" cb="0"/><line nr="418" mi="0" ci="35" mb="0" cb="0"/><line nr="424" mi="0" ci="36" mb="0" cb="0"/><line nr="433" mi="2" ci="0" mb="0" cb="0"/><line nr="434" mi="3" ci="0" mb="2" cb="0"/><line nr="435" mi="5" ci="0" mb="0" cb="0"/><line nr="437" mi="3" ci="0" mb="0" cb="0"/><line nr="438" mi="3" ci="0" mb="0" cb="0"/><line nr="439" mi="5" ci="0" mb="0" cb="0"/><line nr="440" mi="1" ci="0" mb="0" cb="0"/><line nr="450" mi="0" ci="2" mb="0" cb="0"/><line nr="451" mi="3" ci="9" mb="5" cb="3"/><line nr="452" mi="5" ci="0" mb="0" cb="0"/><line nr="454" mi="0" ci="3" mb="0" cb="0"/><line nr="455" mi="0" ci="3" mb="0" cb="0"/><line nr="456" mi="0" ci="5" mb="0" cb="0"/><line nr="457" mi="0" ci="1" mb="0" cb="0"/><line nr="468" mi="0" ci="2" mb="0" cb="0"/><line nr="470" mi="0" ci="7" mb="0" cb="2"/><line nr="471" mi="0" ci="9" mb="0" cb="0"/><line nr="472" mi="0" ci="9" mb="0" cb="0"/><line nr="473" mi="0" ci="19" mb="0" cb="10"/><line nr="474" mi="0" ci="1" mb="0" cb="0"/><line nr="478" mi="0" ci="2" mb="0" cb="0"/><line nr="491" mi="0" ci="2" mb="0" cb="0"/><line nr="492" mi="0" ci="2" mb="0" cb="0"/><line nr="493" mi="0" ci="5" mb="0" cb="0"/><line nr="494" mi="0" ci="5" mb="0" cb="0"/><line nr="496" mi="0" ci="8" mb="0" cb="2"/><line nr="497" mi="0" ci="8" mb="0" cb="0"/><line nr="498" mi="0" ci="8" mb="0" cb="0"/><line nr="499" mi="0" ci="17" mb="0" cb="2"/><line nr="500" mi="0" ci="16" mb="0" cb="0"/><line nr="501" mi="0" ci="2" mb="0" cb="0"/><line nr="505" mi="0" ci="2" mb="0" cb="0"/><line nr="517" mi="0" ci="2" mb="0" cb="0"/><line nr="518" mi="0" ci="8" mb="0" cb="0"/><line nr="519" mi="0" ci="8" mb="0" cb="0"/><line nr="520" mi="0" ci="4" mb="0" cb="0"/><line nr="522" mi="0" ci="7" mb="0" cb="2"/><line nr="523" mi="0" ci="9" mb="0" cb="0"/><line nr="524" mi="0" ci="9" mb="0" cb="0"/><line nr="525" mi="0" ci="4" mb="0" cb="0"/><line nr="526" mi="0" ci="4" mb="0" cb="0"/><line nr="527" mi="0" ci="19" mb="0" cb="10"/><line nr="528" mi="0" ci="4" mb="0" cb="0"/><line nr="529" mi="0" ci="3" mb="0" cb="2"/><line nr="530" mi="0" ci="2" mb="0" cb="0"/><line nr="531" mi="0" ci="5" mb="0" cb="0"/><line nr="532" mi="0" ci="5" mb="0" cb="0"/><line nr="533" mi="0" ci="2" mb="0" cb="0"/><line nr="534" mi="0" ci="13" mb="0" cb="0"/><line nr="535" mi="0" ci="3" mb="0" cb="2"/><line nr="536" mi="0" ci="10" mb="0" cb="0"/><line nr="541" mi="0" ci="4" mb="0" cb="2"/><line nr="542" mi="0" ci="4" mb="0" cb="0"/><line nr="543" mi="0" ci="8" mb="0" cb="0"/><line nr="544" mi="0" ci="8" mb="0" cb="0"/><line nr="547" mi="0" ci="2" mb="0" cb="0"/><line nr="563" mi="0" ci="3" mb="1" cb="1"/><line nr="564" mi="0" ci="16" mb="0" cb="4"/><line nr="565" mi="0" ci="12" mb="0" cb="4"/><line nr="567" mi="16" ci="0" mb="4" cb="0"/><line nr="568" mi="12" ci="0" mb="4" cb="0"/><line nr="584" mi="0" ci="29" mb="1" cb="3"/><line nr="585" mi="0" ci="20" mb="1" cb="1"/><line nr="586" mi="0" ci="20" mb="0" cb="2"/><line nr="587" mi="0" ci="23" mb="1" cb="1"/><line nr="591" mi="0" ci="26" mb="0" cb="2"/><line nr="592" mi="0" ci="26" mb="1" cb="1"/><line nr="593" mi="0" ci="26" mb="0" cb="2"/><line nr="594" mi="0" ci="23" mb="1" cb="1"/><line nr="598" mi="0" ci="26" mb="1" cb="1"/><line nr="599" mi="0" ci="26" mb="1" cb="1"/><line nr="600" mi="0" ci="26" mb="0" cb="2"/><line nr="601" mi="0" ci="29" mb="1" cb="1"/><line nr="605" mi="0" ci="32" mb="1" cb="1"/><line nr="606" mi="0" ci="32" mb="1" cb="1"/><line nr="607" mi="0" ci="32" mb="1" cb="1"/><line nr="608" mi="0" ci="26" mb="1" cb="1"/><line nr="621" mi="0" ci="4" mb="0" cb="0"/><line nr="622" mi="0" ci="3" mb="0" cb="0"/><line nr="623" mi="0" ci="3" mb="0" cb="0"/><line nr="624" mi="0" ci="2" mb="0" cb="2"/><line nr="625" mi="0" ci="12" mb="0" cb="0"/><line nr="626" mi="0" ci="3" mb="0" cb="0"/><line nr="627" mi="0" ci="4" mb="0" cb="0"/><line nr="629" mi="0" ci="2" mb="0" cb="0"/><line nr="641" mi="0" ci="6" mb="0" cb="0"/><line nr="642" mi="0" ci="6" mb="0" cb="0"/><line nr="652" mi="0" ci="3" mb="1" cb="1"/><line nr="653" mi="15" ci="20" mb="13" cb="5"/><line nr="664" mi="22" ci="0" mb="12" cb="0"/><line nr="678" mi="0" ci="11" mb="0" cb="4"/><line nr="679" mi="0" ci="2" mb="0" cb="0"/><line nr="680" mi="0" ci="11" mb="0" cb="4"/><line nr="681" mi="0" ci="2" mb="0" cb="0"/><line nr="682" mi="0" ci="14" mb="0" cb="4"/><line nr="683" mi="0" ci="2" mb="0" cb="0"/><line nr="684" mi="0" ci="15" mb="0" cb="4"/><line nr="685" mi="0" ci="2" mb="0" cb="0"/><line nr="686" mi="0" ci="15" mb="0" cb="4"/><line nr="687" mi="0" ci="2" mb="0" cb="0"/><line nr="688" mi="0" ci="14" mb="0" cb="4"/><line nr="689" mi="0" ci="2" mb="0" cb="0"/><line nr="690" mi="0" ci="18" mb="0" cb="4"/><line nr="691" mi="0" ci="2" mb="0" cb="0"/><line nr="692" mi="0" ci="18" mb="0" cb="4"/><line nr="693" mi="0" ci="2" mb="0" cb="0"/><line nr="695" mi="0" ci="2" mb="0" cb="0"/><line nr="719" mi="0" ci="4" mb="2" cb="2"/><line nr="720" mi="5" ci="0" mb="0" cb="0"/><line nr="723" mi="0" ci="4" mb="1" cb="1"/><line nr="724" mi="5" ci="0" mb="0" cb="0"/><line nr="727" mi="0" ci="4" mb="0" cb="0"/><line nr="728" mi="0" ci="4" mb="0" cb="0"/><line nr="730" mi="0" ci="8" mb="0" cb="0"/><line nr="732" mi="0" ci="2" mb="0" cb="0"/><line nr="734" mi="0" ci="6" mb="0" cb="0"/><line nr="736" mi="0" ci="2" mb="0" cb="0"/><line nr="737" mi="0" ci="2" mb="0" cb="2"/><line nr="738" mi="0" ci="2" mb="0" cb="0"/><line nr="740" mi="0" ci="8" mb="0" cb="2"/><line nr="741" mi="0" ci="8" mb="0" cb="2"/><line nr="742" mi="0" ci="7" mb="0" cb="0"/><line nr="746" mi="0" ci="3" mb="0" cb="0"/><line nr="748" mi="0" ci="5" mb="0" cb="0"/><line nr="749" mi="0" ci="5" mb="0" cb="0"/><line nr="751" mi="0" ci="4" mb="0" cb="0"/><line nr="752" mi="0" ci="4" mb="0" cb="0"/><line nr="754" mi="0" ci="6" mb="0" cb="2"/><line nr="755" mi="0" ci="5" mb="0" cb="0"/><line nr="756" mi="0" ci="5" mb="0" cb="0"/><line nr="757" mi="0" ci="4" mb="0" cb="0"/><line nr="758" mi="0" ci="5" mb="0" cb="0"/><line nr="761" mi="0" ci="6" mb="0" cb="0"/><line nr="762" mi="0" ci="1" mb="0" cb="0"/><line nr="764" mi="0" ci="7" mb="1" cb="1"/><line nr="765" mi="0" ci="13" mb="0" cb="0"/><line nr="766" mi="0" ci="4" mb="0" cb="0"/><line nr="773" mi="0" ci="2" mb="1" cb="1"/><line nr="774" mi="0" ci="4" mb="0" cb="0"/><line nr="775" mi="0" ci="3" mb="0" cb="2"/><line nr="776" mi="0" ci="8" mb="0" cb="0"/><line nr="780" mi="0" ci="1" mb="0" cb="0"/><line nr="781" mi="0" ci="4" mb="0" cb="0"/><line nr="782" mi="0" ci="6" mb="0" cb="2"/><line nr="783" mi="0" ci="1" mb="0" cb="0"/><line nr="787" mi="0" ci="6" mb="0" cb="0"/><line nr="788" mi="0" ci="11" mb="0" cb="2"/><line nr="789" mi="0" ci="10" mb="0" cb="2"/><line nr="791" mi="0" ci="2" mb="0" cb="0"/><line nr="792" mi="0" ci="3" mb="0" cb="0"/><line nr="793" mi="0" ci="5" mb="0" cb="2"/><line nr="794" mi="0" ci="2" mb="0" cb="0"/><line nr="802" mi="2" ci="7" mb="3" cb="1"/><line nr="803" mi="2" ci="0" mb="0" cb="0"/><line nr="806" mi="0" ci="1" mb="0" cb="0"/><line nr="812" mi="0" ci="4" mb="0" cb="0"/><line nr="813" mi="0" ci="2" mb="0" cb="2"/><line nr="814" mi="0" ci="13" mb="0" cb="0"/><line nr="815" mi="0" ci="13" mb="0" cb="0"/><line nr="816" mi="0" ci="4" mb="0" cb="0"/><line nr="823" mi="0" ci="7" mb="0" cb="0"/><line nr="824" mi="0" ci="7" mb="0" cb="0"/><line nr="830" mi="0" ci="6" mb="0" cb="0"/><line nr="832" mi="0" ci="2" mb="0" cb="0"/><counter type="INSTRUCTION" missed="144" covered="1533"/><counter type="BRANCH" missed="66" covered="148"/><counter type="LINE" missed="24" covered="223"/><counter type="COMPLEXITY" missed="49" covered="95"/><counter type="METHOD" missed="2" covered="35"/><counter type="CLASS" missed="0" covered="5"/></sourcefile><sourcefile name="PerformanceDemo.java"><line nr="43" mi="3" ci="0" mb="0" cb="0"/><line nr="52" mi="2" ci="0" mb="0" cb="0"/><line nr="54" mi="3" ci="0" mb="0" cb="0"/><line nr="56" mi="5" ci="0" mb="0" cb="0"/><line nr="60" mi="6" ci="0" mb="0" cb="0"/><line nr="61" mi="4" ci="0" mb="0" cb="0"/><line nr="63" mi="2" ci="0" mb="0" cb="0"/><line nr="64" mi="2" ci="0" mb="0" cb="0"/><line nr="65" mi="6" ci="0" mb="0" cb="0"/><line nr="67" mi="3" ci="0" mb="0" cb="0"/><line nr="68" mi="1" ci="0" mb="0" cb="0"/><line nr="72" mi="7" ci="0" mb="2" cb="0"/><line nr="73" mi="4" ci="0" mb="0" cb="0"/><line nr="74" mi="4" ci="0" mb="0" cb="0"/><line nr="76" mi="7" ci="0" mb="2" cb="0"/><line nr="77" mi="5" ci="0" mb="0" cb="0"/><line nr="80" mi="2" ci="0" mb="0" cb="0"/><line nr="83" mi="3" ci="0" mb="0" cb="0"/><line nr="85" mi="2" ci="0" mb="0" cb="0"/><line nr="87" mi="8" ci="0" mb="2" cb="0"/><line nr="88" mi="4" ci="0" mb="0" cb="0"/><line nr="91" mi="3" ci="0" mb="0" cb="0"/><line nr="93" mi="2" ci="0" mb="0" cb="0"/><line nr="95" mi="8" ci="0" mb="2" cb="0"/><line nr="96" mi="4" ci="0" mb="0" cb="0"/><line nr="99" mi="3" ci="0" mb="0" cb="0"/><line nr="101" mi="3" ci="0" mb="0" cb="0"/><line nr="102" mi="3" ci="0" mb="0" cb="0"/><line nr="105" mi="3" ci="0" mb="0" cb="0"/><line nr="106" mi="1" ci="0" mb="0" cb="0"/><line nr="107" mi="2" ci="0" mb="0" cb="0"/><line nr="108" mi="1" ci="0" mb="0" cb="0"/><line nr="110" mi="3" ci="0" mb="0" cb="0"/><line nr="111" mi="1" ci="0" mb="0" cb="0"/><line nr="115" mi="7" ci="0" mb="0" cb="0"/><line nr="116" mi="5" ci="0" mb="0" cb="0"/><line nr="117" mi="8" ci="0" mb="0" cb="0"/><line nr="118" mi="6" ci="0" mb="0" cb="0"/><line nr="119" mi="1" ci="0" mb="0" cb="0"/><line nr="123" mi="2" ci="0" mb="0" cb="0"/><line nr="125" mi="6" ci="0" mb="0" cb="0"/><counter type="INSTRUCTION" missed="155" covered="0"/><counter type="BRANCH" missed="8" covered="0"/><counter type="LINE" missed="41" covered="0"/><counter type="COMPLEXITY" missed="8" covered="0"/><counter type="METHOD" missed="4" covered="0"/><counter type="CLASS" missed="1" covered="0"/></sourcefile><sourcefile name="DirectedGraphDemo.java"><line nr="43" mi="3" ci="0" mb="0" cb="0"/><line nr="55" mi="5" ci="0" mb="0" cb="0"/><line nr="57" mi="4" ci="0" mb="0" cb="0"/><line nr="58" mi="4" ci="0" mb="0" cb="0"/><line nr="59" mi="4" ci="0" mb="0" cb="0"/><line nr="60" mi="4" ci="0" mb="0" cb="0"/><line nr="61" mi="4" ci="0" mb="0" cb="0"/><line nr="62" mi="4" ci="0" mb="0" cb="0"/><line nr="63" mi="4" ci="0" mb="0" cb="0"/><line nr="64" mi="4" ci="0" mb="0" cb="0"/><line nr="65" mi="4" ci="0" mb="0" cb="0"/><line nr="66" mi="5" ci="0" mb="0" cb="0"/><line nr="67" mi="5" ci="0" mb="0" cb="0"/><line nr="68" mi="5" ci="0" mb="0" cb="0"/><line nr="69" mi="5" ci="0" mb="0" cb="0"/><line nr="70" mi="5" ci="0" mb="0" cb="0"/><line nr="71" mi="5" ci="0" mb="0" cb="0"/><line nr="72" mi="5" ci="0" mb="0" cb="0"/><line nr="73" mi="5" ci="0" mb="0" cb="0"/><line nr="74" mi="5" ci="0" mb="0" cb="0"/><line nr="75" mi="5" ci="0" mb="0" cb="0"/><line nr="78" mi="5" ci="0" mb="0" cb="0"/><line nr="80" mi="1" ci="0" mb="0" cb="0"/><line nr="81" mi="2" ci="0" mb="0" cb="0"/><line nr="84" mi="3" ci="0" mb="0" cb="0"/><line nr="85" mi="8" ci="0" mb="2" cb="0"/><line nr="86" mi="5" ci="0" mb="0" cb="0"/><line nr="88" mi="2" ci="0" mb="0" cb="0"/><line nr="92" mi="3" ci="0" mb="0" cb="0"/><line nr="93" mi="5" ci="0" mb="0" cb="0"/><line nr="95" mi="4" ci="0" mb="0" cb="0"/><line nr="96" mi="7" ci="0" mb="0" cb="0"/><line nr="101" mi="3" ci="0" mb="0" cb="0"/><line nr="102" mi="4" ci="0" mb="0" cb="0"/><line nr="103" mi="5" ci="0" mb="0" cb="0"/><line nr="105" mi="1" ci="0" mb="0" cb="0"/><counter type="INSTRUCTION" missed="152" covered="0"/><counter type="BRANCH" missed="2" covered="0"/><counter type="LINE" missed="36" covered="0"/><counter type="COMPLEXITY" missed="3" covered="0"/><counter type="METHOD" missed="2" covered="0"/><counter type="CLASS" missed="1" covered="0"/></sourcefile><sourcefile name="HelloJGraphT.java"><line nr="61" mi="2" ci="0" mb="0" cb="0"/><line nr="64" mi="3" ci="0" mb="0" cb="0"/><line nr="66" mi="4" ci="0" mb="0" cb="0"/><line nr="68" mi="2" ci="0" mb="0" cb="0"/><line nr="73" mi="2" ci="0" mb="0" cb="0"/><line nr="77" mi="1" ci="0" mb="0" cb="0"/><line nr="78" mi="10" ci="0" mb="0" cb="0"/><line nr="79" mi="3" ci="0" mb="0" cb="0"/><line nr="85" mi="3" ci="0" mb="0" cb="0"/><line nr="86" mi="3" ci="0" mb="0" cb="0"/><line nr="87" mi="2" ci="0" mb="0" cb="0"/><line nr="89" mi="3" ci="0" mb="0" cb="0"/><line nr="90" mi="2" ci="0" mb="0" cb="0"/><line nr="91" mi="2" ci="0" mb="0" cb="0"/><line nr="92" mi="1" ci="0" mb="0" cb="0"/><line nr="104" mi="5" ci="0" mb="0" cb="0"/><line nr="106" mi="5" ci="0" mb="0" cb="0"/><line nr="107" mi="5" ci="0" mb="0" cb="0"/><line nr="108" mi="5" ci="0" mb="0" cb="0"/><line nr="111" mi="4" ci="0" mb="0" cb="0"/><line nr="112" mi="4" ci="0" mb="0" cb="0"/><line nr="113" mi="4" ci="0" mb="0" cb="0"/><line nr="116" mi="5" ci="0" mb="0" cb="0"/><line nr="117" mi="5" ci="0" mb="0" cb="0"/><line nr="118" mi="5" ci="0" mb="0" cb="0"/><line nr="119" mi="5" ci="0" mb="0" cb="0"/><line nr="123" mi="2" ci="0" mb="0" cb="0"/><line nr="136" mi="6" ci="0" mb="0" cb="0"/><line nr="137" mi="3" ci="0" mb="2" cb="0"/><line nr="138" mi="4" ci="0" mb="0" cb="0"/><line nr="139" mi="3" ci="0" mb="0" cb="0"/><line nr="140" mi="1" ci="0" mb="0" cb="0"/><line nr="142" mi="1" ci="0" mb="0" cb="0"/><line nr="154" mi="5" ci="0" mb="0" cb="0"/><line nr="155" mi="6" ci="0" mb="0" cb="0"/><line nr="156" mi="3" ci="0" mb="0" cb="0"/><line nr="157" mi="4" ci="0" mb="0" cb="0"/><line nr="158" mi="7" ci="0" mb="0" cb="0"/><line nr="159" mi="2" ci="0" mb="0" cb="0"/><line nr="161" mi="4" ci="0" mb="0" cb="0"/><line nr="162" mi="4" ci="0" mb="0" cb="0"/><line nr="163" mi="4" ci="0" mb="0" cb="0"/><line nr="165" mi="1" ci="0" mb="0" cb="0"/><line nr="174" mi="5" ci="0" mb="0" cb="0"/><line nr="176" mi="2" ci="0" mb="0" cb="0"/><line nr="177" mi="2" ci="0" mb="0" cb="0"/><line nr="178" mi="2" ci="0" mb="0" cb="0"/><line nr="179" mi="2" ci="0" mb="0" cb="0"/><line nr="182" mi="4" ci="0" mb="0" cb="0"/><line nr="183" mi="4" ci="0" mb="0" cb="0"/><line nr="184" mi="4" ci="0" mb="0" cb="0"/><line nr="185" mi="4" ci="0" mb="0" cb="0"/><line nr="188" mi="5" ci="0" mb="0" cb="0"/><line nr="189" mi="5" ci="0" mb="0" cb="0"/><line nr="190" mi="5" ci="0" mb="0" cb="0"/><line nr="191" mi="5" ci="0" mb="0" cb="0"/><line nr="193" mi="2" ci="0" mb="0" cb="0"/><counter type="INSTRUCTION" missed="206" covered="0"/><counter type="BRANCH" missed="2" covered="0"/><counter type="LINE" missed="57" covered="0"/><counter type="COMPLEXITY" missed="9" covered="0"/><counter type="METHOD" missed="8" covered="0"/><counter type="CLASS" missed="1" covered="0"/></sourcefile><sourcefile name="DependencyDemo.java"><line nr="32" mi="3" ci="0" mb="0" cb="0"/><line nr="47" mi="5" ci="0" mb="0" cb="0"/><line nr="50" mi="4" ci="0" mb="0" cb="0"/><line nr="51" mi="4" ci="0" mb="0" cb="0"/><line nr="52" mi="4" ci="0" mb="0" cb="0"/><line nr="53" mi="4" ci="0" mb="0" cb="0"/><line nr="54" mi="4" ci="0" mb="0" cb="0"/><line nr="58" mi="5" ci="0" mb="0" cb="0"/><line nr="59" mi="5" ci="0" mb="0" cb="0"/><line nr="60" mi="2" ci="0" mb="2" cb="0"/><line nr="61" mi="5" ci="0" mb="0" cb="0"/><line nr="63" mi="5" ci="0" mb="0" cb="0"/><line nr="64" mi="2" ci="0" mb="2" cb="0"/><line nr="65" mi="5" ci="0" mb="0" cb="0"/><line nr="69" mi="4" ci="0" mb="0" cb="0"/><line nr="72" mi="5" ci="0" mb="0" cb="0"/><line nr="75" mi="3" ci="0" mb="2" cb="0"/><line nr="81" mi="3" ci="0" mb="0" cb="0"/><line nr="84" mi="3" ci="0" mb="0" cb="0"/><line nr="87" mi="3" ci="0" mb="2" cb="0"/><line nr="88" mi="3" ci="0" mb="0" cb="0"/><line nr="91" mi="3" ci="0" mb="0" cb="0"/><line nr="92" mi="4" ci="0" mb="0" cb="0"/><line nr="95" mi="4" ci="0" mb="0" cb="0"/><line nr="96" mi="10" ci="0" mb="2" cb="0"/><line nr="97" mi="4" ci="0" mb="0" cb="0"/><line nr="99" mi="4" ci="0" mb="0" cb="0"/><line nr="100" mi="2" ci="0" mb="0" cb="0"/><line nr="102" mi="1" ci="0" mb="0" cb="0"/><line nr="109" mi="5" ci="0" mb="0" cb="0"/><line nr="110" mi="3" ci="0" mb="0" cb="0"/><line nr="111" mi="3" ci="0" mb="2" cb="0"/><line nr="112" mi="4" ci="0" mb="0" cb="0"/><line nr="113" mi="4" ci="0" mb="0" cb="0"/><line nr="116" mi="1" ci="0" mb="0" cb="0"/><line nr="125" mi="3" ci="0" mb="0" cb="0"/><line nr="126" mi="2" ci="0" mb="0" cb="0"/><line nr="128" mi="3" ci="0" mb="0" cb="0"/><line nr="129" mi="2" ci="0" mb="0" cb="0"/><line nr="131" mi="3" ci="0" mb="0" cb="0"/><line nr="132" mi="2" ci="0" mb="0" cb="0"/><line nr="133" mi="1" ci="0" mb="0" cb="0"/><counter type="INSTRUCTION" missed="149" covered="0"/><counter type="BRANCH" missed="12" covered="0"/><counter type="LINE" missed="42" covered="0"/><counter type="COMPLEXITY" missed="9" covered="0"/><counter type="METHOD" missed="3" covered="0"/><counter type="CLASS" missed="1" covered="0"/></sourcefile><sourcefile name="GraphBuilderDemo.java"><line nr="29" mi="3" ci="0" mb="0" cb="0"/><line nr="38" mi="2" ci="0" mb="0" cb="0"/><line nr="39" mi="1" ci="0" mb="0" cb="0"/><line nr="49" mi="1" ci="0" mb="0" cb="0"/><line nr="50" mi="4" ci="0" mb="0" cb="0"/><line nr="51" mi="6" ci="0" mb="0" cb="0"/><line nr="63" mi="6" ci="0" mb="0" cb="0"/><line nr="64" mi="35" ci="0" mb="0" cb="0"/><counter type="INSTRUCTION" missed="58" covered="0"/><counter type="LINE" missed="8" covered="0"/><counter type="COMPLEXITY" missed="4" covered="0"/><counter type="METHOD" missed="4" covered="0"/><counter type="CLASS" missed="1" covered="0"/></sourcefile><sourcefile name="GraphMLDemo.java"><line nr="41" mi="3" ci="0" mb="0" cb="0"/><line nr="47" mi="6" ci="0" mb="0" cb="0"/><line nr="52" mi="3" ci="0" mb="0" cb="0"/><line nr="54" mi="7" ci="0" mb="0" cb="0"/><line nr="55" mi="7" ci="0" mb="0" cb="0"/><line nr="60" mi="4" ci="0" mb="0" cb="0"/><line nr="61" mi="3" ci="0" mb="0" cb="0"/><line nr="62" mi="1" ci="0" mb="0" cb="0"/><line nr="66" mi="3" ci="0" mb="0" cb="0"/><line nr="81" mi="4" ci="0" mb="0" cb="0"/><line nr="82" mi="1" ci="0" mb="0" cb="0"/><line nr="85" mi="2" ci="0" mb="0" cb="0"/><line nr="86" mi="3" ci="0" mb="0" cb="0"/><line nr="87" mi="3" ci="0" mb="0" cb="0"/><line nr="88" mi="1" ci="0" mb="0" cb="0"/><line nr="93" mi="9" ci="0" mb="2" cb="0"/><line nr="99" mi="3" ci="0" mb="2" cb="0"/><line nr="100" mi="2" ci="0" mb="0" cb="0"/><line nr="101" mi="2" ci="0" mb="2" cb="0"/><line nr="102" mi="2" ci="0" mb="0" cb="0"/><line nr="103" mi="5" ci="0" mb="2" cb="0"/><line nr="104" mi="2" ci="0" mb="0" cb="0"/><line nr="105" mi="3" ci="0" mb="0" cb="0"/><line nr="106" mi="3" ci="0" mb="2" cb="0"/><line nr="107" mi="7" ci="0" mb="2" cb="0"/><line nr="109" mi="6" ci="0" mb="0" cb="0"/><line nr="115" mi="3" ci="0" mb="0" cb="0"/><line nr="120" mi="3" ci="0" mb="0" cb="0"/><line nr="121" mi="1" ci="0" mb="0" cb="0"/><line nr="125" mi="3" ci="0" mb="0" cb="0"/><line nr="130" mi="3" ci="0" mb="0" cb="0"/><line nr="131" mi="1" ci="0" mb="0" cb="0"/><line nr="136" mi="4" ci="0" mb="0" cb="0"/><line nr="137" mi="7" ci="0" mb="0" cb="0"/><line nr="138" mi="3" ci="0" mb="2" cb="0"/><line nr="139" mi="7" ci="0" mb="0" cb="0"/><line nr="141" mi="4" ci="0" mb="0" cb="0"/><line nr="142" mi="3" ci="0" mb="0" cb="0"/><line nr="149" mi="2" ci="0" mb="0" cb="0"/><line nr="154" mi="4" ci="0" mb="0" cb="0"/><line nr="159" mi="10" ci="0" mb="0" cb="0"/><line nr="160" mi="8" ci="0" mb="2" cb="0"/><line nr="175" mi="5" ci="0" mb="0" cb="0"/><line nr="176" mi="3" ci="0" mb="0" cb="0"/><line nr="181" mi="3" ci="0" mb="0" cb="0"/><line nr="186" mi="3" ci="0" mb="0" cb="0"/><line nr="187" mi="4" ci="0" mb="0" cb="0"/><line nr="188" mi="3" ci="0" mb="2" cb="0"/><line nr="189" mi="8" ci="0" mb="0" cb="0"/><line nr="191" mi="8" ci="0" mb="0" cb="0"/><line nr="192" mi="2" ci="0" mb="0" cb="0"/><line nr="200" mi="6" ci="0" mb="0" cb="0"/><line nr="205" mi="3" ci="0" mb="0" cb="0"/><line nr="206" mi="4" ci="0" mb="0" cb="0"/><line nr="207" mi="7" ci="0" mb="0" cb="0"/><line nr="208" mi="2" ci="0" mb="0" cb="0"/><line nr="214" mi="5" ci="0" mb="0" cb="0"/><line nr="219" mi="5" ci="0" mb="0" cb="0"/><line nr="221" mi="2" ci="0" mb="0" cb="0"/><line nr="232" mi="4" ci="0" mb="0" cb="0"/><line nr="237" mi="3" ci="0" mb="0" cb="0"/><line nr="238" mi="4" ci="0" mb="0" cb="0"/><line nr="239" mi="4" ci="0" mb="0" cb="0"/><line nr="241" mi="4" ci="0" mb="2" cb="0"/><line nr="242" mi="3" ci="0" mb="0" cb="0"/><line nr="243" mi="8" ci="0" mb="3" cb="0"/><line nr="245" mi="3" ci="0" mb="0" cb="0"/><line nr="246" mi="1" ci="0" mb="0" cb="0"/><line nr="248" mi="3" ci="0" mb="0" cb="0"/><line nr="252" mi="1" ci="0" mb="0" cb="0"/><line nr="254" mi="2" ci="0" mb="0" cb="0"/><line nr="271" mi="10" ci="0" mb="0" cb="0"/><line nr="272" mi="1" ci="0" mb="0" cb="0"/><line nr="273" mi="4" ci="0" mb="0" cb="0"/><line nr="275" mi="5" ci="0" mb="0" cb="0"/><line nr="278" mi="3" ci="0" mb="0" cb="0"/><line nr="279" mi="3" ci="0" mb="0" cb="0"/><line nr="284" mi="11" ci="0" mb="2" cb="0"/><line nr="285" mi="7" ci="0" mb="0" cb="0"/><line nr="286" mi="1" ci="0" mb="0" cb="0"/><line nr="289" mi="3" ci="0" mb="0" cb="0"/><line nr="290" mi="2" ci="0" mb="0" cb="0"/><line nr="292" mi="4" ci="0" mb="0" cb="0"/><line nr="293" mi="4" ci="0" mb="0" cb="0"/><line nr="294" mi="3" ci="0" mb="0" cb="0"/><line nr="297" mi="3" ci="0" mb="0" cb="0"/><line nr="300" mi="3" ci="0" mb="0" cb="0"/><line nr="303" mi="10" ci="0" mb="0" cb="0"/><line nr="304" mi="1" ci="0" mb="0" cb="0"/><line nr="305" mi="4" ci="0" mb="0" cb="0"/><line nr="307" mi="2" ci="0" mb="0" cb="0"/><line nr="308" mi="7" ci="0" mb="0" cb="0"/><line nr="310" mi="1" ci="0" mb="0" cb="0"/><counter type="INSTRUCTION" missed="366" covered="0"/><counter type="BRANCH" missed="25" covered="0"/><counter type="LINE" missed="93" covered="0"/><counter type="COMPLEXITY" missed="36" covered="0"/><counter type="METHOD" missed="23" covered="0"/><counter type="CLASS" missed="4" covered="0"/></sourcefile><sourcefile name="ParberryKnightTour.java"><line nr="101" mi="0" ci="2" mb="0" cb="0"/><line nr="109" mi="0" ci="7" mb="0" cb="4"/><line nr="110" mi="0" ci="5" mb="0" cb="0"/><line nr="113" mi="0" ci="8" mb="0" cb="4"/><line nr="114" mi="0" ci="5" mb="0" cb="0"/><line nr="118" mi="0" ci="3" mb="0" cb="0"/><line nr="119" mi="0" ci="3" mb="0" cb="0"/><line nr="120" mi="0" ci="1" mb="0" cb="0"/><line nr="138" mi="0" ci="12" mb="0" cb="0"/><line nr="139" mi="0" ci="12" mb="0" cb="0"/><line nr="145" mi="0" ci="5" mb="0" cb="2"/><line nr="146" mi="0" ci="9" mb="0" cb="0"/><line nr="147" mi="0" ci="8" mb="0" cb="0"/><line nr="157" mi="0" ci="4" mb="0" cb="0"/><line nr="165" mi="0" ci="4" mb="0" cb="0"/><line nr="171" mi="0" ci="8" mb="0" cb="4"/><line nr="172" mi="0" ci="10" mb="0" cb="0"/><line nr="173" mi="0" ci="27" mb="0" cb="0"/><line nr="175" mi="0" ci="10" mb="0" cb="0"/><line nr="176" mi="0" ci="26" mb="0" cb="0"/><line nr="178" mi="0" ci="14" mb="0" cb="0"/><line nr="179" mi="0" ci="10" mb="0" cb="0"/><line nr="181" mi="0" ci="14" mb="0" cb="0"/><line nr="182" mi="0" ci="10" mb="0" cb="0"/><line nr="184" mi="0" ci="18" mb="0" cb="0"/><line nr="185" mi="0" ci="10" mb="0" cb="0"/><line nr="204" mi="0" ci="5" mb="0" cb="0"/><line nr="205" mi="0" ci="5" mb="0" cb="0"/><line nr="206" mi="0" ci="5" mb="0" cb="0"/><line nr="207" mi="0" ci="5" mb="0" cb="0"/><line nr="288" mi="0" ci="11" mb="0" cb="2"/><line nr="289" mi="0" ci="11" mb="0" cb="0"/><line nr="290" mi="0" ci="12" mb="0" cb="0"/><line nr="292" mi="0" ci="11" mb="0" cb="0"/><line nr="293" mi="0" ci="11" mb="0" cb="0"/><line nr="296" mi="0" ci="11" mb="0" cb="2"/><line nr="297" mi="0" ci="11" mb="0" cb="0"/><line nr="298" mi="0" ci="12" mb="0" cb="0"/><line nr="300" mi="0" ci="11" mb="0" cb="0"/><line nr="301" mi="0" ci="11" mb="0" cb="0"/><line nr="304" mi="0" ci="11" mb="0" cb="2"/><line nr="305" mi="0" ci="11" mb="0" cb="0"/><line nr="306" mi="0" ci="12" mb="0" cb="0"/><line nr="308" mi="0" ci="11" mb="0" cb="0"/><line nr="309" mi="0" ci="11" mb="0" cb="0"/><line nr="312" mi="0" ci="11" mb="0" cb="2"/><line nr="313" mi="0" ci="11" mb="0" cb="0"/><line nr="314" mi="0" ci="12" mb="0" cb="0"/><line nr="316" mi="0" ci="11" mb="0" cb="0"/><line nr="317" mi="0" ci="11" mb="0" cb="0"/><line nr="324" mi="0" ci="8" mb="0" cb="0"/><line nr="331" mi="0" ci="10" mb="0" cb="0"/><line nr="332" mi="0" ci="10" mb="0" cb="0"/><line nr="334" mi="0" ci="10" mb="0" cb="0"/><line nr="335" mi="0" ci="10" mb="0" cb="0"/><line nr="337" mi="0" ci="10" mb="0" cb="0"/><line nr="338" mi="0" ci="10" mb="0" cb="0"/><line nr="344" mi="0" ci="1" mb="0" cb="0"/><line nr="345" mi="0" ci="3" mb="0" cb="0"/><line nr="346" mi="0" ci="11" mb="0" cb="0"/><line nr="347" mi="0" ci="3" mb="0" cb="0"/><line nr="349" mi="0" ci="2" mb="0" cb="0"/><line nr="360" mi="0" ci="23" mb="0" cb="0"/><counter type="INSTRUCTION" missed="0" covered="600"/><counter type="BRANCH" missed="0" covered="22"/><counter type="LINE" missed="0" covered="63"/><counter type="COMPLEXITY" missed="0" covered="14"/><counter type="METHOD" missed="0" covered="3"/><counter type="CLASS" missed="0" covered="1"/></sourcefile><sourcefile name="CompleteGraphDemo.java"><line nr="38" mi="3" ci="0" mb="0" cb="0"/><line nr="51" mi="4" ci="0" mb="0" cb="0"/><line nr="52" mi="2" ci="0" mb="0" cb="0"/><line nr="53" mi="4" ci="0" mb="0" cb="0"/><line nr="58" mi="9" ci="0" mb="0" cb="0"/><line nr="64" mi="3" ci="0" mb="0" cb="0"/><line nr="65" mi="4" ci="0" mb="0" cb="0"/><line nr="68" mi="5" ci="0" mb="0" cb="0"/><line nr="73" mi="3" ci="0" mb="0" cb="0"/><line nr="77" mi="5" ci="0" mb="0" cb="0"/><line nr="78" mi="3" ci="0" mb="2" cb="0"/><line nr="79" mi="4" ci="0" mb="0" cb="0"/><line nr="80" mi="4" ci="0" mb="0" cb="0"/><line nr="81" mi="1" ci="0" mb="0" cb="0"/><line nr="83" mi="3" ci="0" mb="0" cb="0"/><line nr="84" mi="1" ci="0" mb="0" cb="0"/><line nr="85" mi="1" ci="0" mb="0" cb="0"/><counter type="INSTRUCTION" missed="59" covered="0"/><counter type="BRANCH" missed="2" covered="0"/><counter type="LINE" missed="17" covered="0"/><counter type="COMPLEXITY" missed="5" covered="0"/><counter type="METHOD" missed="4" covered="0"/><counter type="CLASS" missed="2" covered="0"/></sourcefile><sourcefile name="JGraphXAdapterDemo.java"><line nr="36" mi="3" ci="0" mb="0" cb="0"/><line nr="42" mi="7" ci="0" mb="0" cb="0"/><line nr="54" mi="4" ci="0" mb="0" cb="0"/><line nr="55" mi="2" ci="0" mb="0" cb="0"/><line nr="57" mi="4" ci="0" mb="0" cb="0"/><line nr="58" mi="5" ci="0" mb="0" cb="0"/><line nr="59" mi="3" ci="0" mb="0" cb="0"/><line nr="60" mi="3" ci="0" mb="0" cb="0"/><line nr="61" mi="2" ci="0" mb="0" cb="0"/><line nr="62" mi="3" ci="0" mb="0" cb="0"/><line nr="63" mi="1" ci="0" mb="0" cb="0"/><line nr="69" mi="8" ci="0" mb="0" cb="0"/><line nr="73" mi="6" ci="0" mb="0" cb="0"/><line nr="75" mi="3" ci="0" mb="0" cb="0"/><line nr="76" mi="6" ci="0" mb="0" cb="0"/><line nr="77" mi="3" ci="0" mb="0" cb="0"/><line nr="78" mi="4" ci="0" mb="0" cb="0"/><line nr="79" mi="5" ci="0" mb="0" cb="0"/><line nr="80" mi="3" ci="0" mb="0" cb="0"/><line nr="82" mi="2" ci="0" mb="0" cb="0"/><line nr="83" mi="2" ci="0" mb="0" cb="0"/><line nr="84" mi="2" ci="0" mb="0" cb="0"/><line nr="85" mi="2" ci="0" mb="0" cb="0"/><line nr="88" mi="4" ci="0" mb="0" cb="0"/><line nr="89" mi="4" ci="0" mb="0" cb="0"/><line nr="90" mi="4" ci="0" mb="0" cb="0"/><line nr="91" mi="4" ci="0" mb="0" cb="0"/><line nr="93" mi="5" ci="0" mb="0" cb="0"/><line nr="94" mi="5" ci="0" mb="0" cb="0"/><line nr="95" mi="5" ci="0" mb="0" cb="0"/><line nr="96" mi="5" ci="0" mb="0" cb="0"/><line nr="99" mi="6" ci="0" mb="0" cb="0"/><line nr="102" mi="2" ci="0" mb="0" cb="0"/><line nr="103" mi="10" ci="0" mb="0" cb="0"/><line nr="104" mi="10" ci="0" mb="0" cb="0"/><line nr="105" mi="4" ci="0" mb="0" cb="0"/><line nr="106" mi="3" ci="0" mb="0" cb="0"/><line nr="108" mi="5" ci="0" mb="0" cb="0"/><line nr="110" mi="1" ci="0" mb="0" cb="0"/><counter type="INSTRUCTION" missed="160" covered="0"/><counter type="LINE" missed="39" covered="0"/><counter type="COMPLEXITY" missed="4" covered="0"/><counter type="METHOD" missed="4" covered="0"/><counter type="CLASS" missed="1" covered="0"/></sourcefile><counter type="INSTRUCTION" missed="1630" covered="2133"/><counter type="BRANCH" missed="129" covered="170"/><counter type="LINE" missed="389" covered="286"/><counter type="COMPLEXITY" missed="140" covered="109"/><counter type="METHOD" missed="61" covered="38"/><counter type="CLASS" missed="14" covered="6"/></package><counter type="INSTRUCTION" missed="1630" covered="2133"/><counter type="BRANCH" missed="129" covered="170"/><counter type="LINE" missed="389" covered="286"/><counter type="COMPLEXITY" missed="140" covered="109"/><counter type="METHOD" missed="61" covered="38"/><counter type="CLASS" missed="14" covered="6"/></report>