<?xml version="1.0" encoding="UTF-8"?>
<testsuite xmlns:xsi="http://www.w3.org/2001/XMLSchema-instance" xsi:noNamespaceSchemaLocation="https://maven.apache.org/surefire/maven-surefire-plugin/xsd/surefire-test-report-3.0.xsd" version="3.0" name="org.jgrapht.alg.decomposition.DulmageMendelsohnDecompositionTest" time="0.641" tests="100" errors="0" skipped="0" failures="0">
  <properties>
[...]
</properties>
  <testcase name="testGeneratedGraph(GnmRandomBipartiteGraphGenerator)[1]" classname="org.jgrapht.alg.decomposition.DulmageMendelsohnDecompositionTest" time="0.004"/>
  <testcase name="testGeneratedGraph(GnmRandomBipartiteGraphGenerator)[2]" classname="org.jgrapht.alg.decomposition.DulmageMendelsohnDecompositionTest" time="0.001"/>
  <testcase name="testGeneratedGraph(GnmRandomBipartiteGraphGenerator)[3]" classname="org.jgrapht.alg.decomposition.DulmageMendelsohnDecompositionTest" time="0.001"/>
  <testcase name="testGeneratedGraph(GnmRandomBipartiteGraphGenerator)[4]" classname="org.jgrapht.alg.decomposition.DulmageMendelsohnDecompositionTest" time="0.001"/>
  <testcase name="testGeneratedGraph(GnmRandomBipartiteGraphGenerator)[5]" classname="org.jgrapht.alg.decomposition.DulmageMendelsohnDecompositionTest" time="0.001"/>
  <testcase name="testGeneratedGraph(GnmRandomBipartiteGraphGenerator)[6]" classname="org.jgrapht.alg.decomposition.DulmageMendelsohnDecompositionTest" time="0.001"/>
  <testcase name="testGeneratedGraph(GnmRandomBipartiteGraphGenerator)[7]" classname="org.jgrapht.alg.decomposition.DulmageMendelsohnDecompositionTest" time="0.001"/>
  <testcase name="testGeneratedGraph(GnmRandomBipartiteGraphGenerator)[8]" classname="org.jgrapht.alg.decomposition.DulmageMendelsohnDecompositionTest" time="0.0"/>
  <testcase name="testGeneratedGraph(GnmRandomBipartiteGraphGenerator)[9]" classname="org.jgrapht.alg.decomposition.DulmageMendelsohnDecompositionTest" time="0.001"/>
  <testcase name="testGeneratedGraph(GnmRandomBipartiteGraphGenerator)[10]" classname="org.jgrapht.alg.decomposition.DulmageMendelsohnDecompositionTest" time="0.0"/>
  <testcase name="testGeneratedGraph(GnmRandomBipartiteGraphGenerator)[11]" classname="org.jgrapht.alg.decomposition.DulmageMendelsohnDecompositionTest" time="0.0"/>
  <testcase name="testGeneratedGraph(GnmRandomBipartiteGraphGenerator)[12]" classname="org.jgrapht.alg.decomposition.DulmageMendelsohnDecompositionTest" time="0.0"/>
  <testcase name="testGeneratedGraph(GnmRandomBipartiteGraphGenerator)[13]" classname="org.jgrapht.alg.decomposition.DulmageMendelsohnDecompositionTest" time="0.001"/>
  <testcase name="testGeneratedGraph(GnmRandomBipartiteGraphGenerator)[14]" classname="org.jgrapht.alg.decomposition.DulmageMendelsohnDecompositionTest" time="0.001"/>
  <testcase name="testGeneratedGraph(GnmRandomBipartiteGraphGenerator)[15]" classname="org.jgrapht.alg.decomposition.DulmageMendelsohnDecompositionTest" time="0.002"/>
  <testcase name="testGeneratedGraph(GnmRandomBipartiteGraphGenerator)[16]" classname="org.jgrapht.alg.decomposition.DulmageMendelsohnDecompositionTest" time="0.002"/>
  <testcase name="testGeneratedGraph(GnmRandomBipartiteGraphGenerator)[17]" classname="org.jgrapht.alg.decomposition.DulmageMendelsohnDecompositionTest" time="0.0"/>
  <testcase name="testGeneratedGraph(GnmRandomBipartiteGraphGenerator)[18]" classname="org.jgrapht.alg.decomposition.DulmageMendelsohnDecompositionTest" time="0.001"/>
  <testcase name="testGeneratedGraph(GnmRandomBipartiteGraphGenerator)[19]" classname="org.jgrapht.alg.decomposition.DulmageMendelsohnDecompositionTest" time="0.002"/>
  <testcase name="testGeneratedGraph(GnmRandomBipartiteGraphGenerator)[20]" classname="org.jgrapht.alg.decomposition.DulmageMendelsohnDecompositionTest" time="0.001"/>
  <testcase name="testGeneratedGraph(GnmRandomBipartiteGraphGenerator)[21]" classname="org.jgrapht.alg.decomposition.DulmageMendelsohnDecompositionTest" time="0.001"/>
  <testcase name="testGeneratedGraph(GnmRandomBipartiteGraphGenerator)[22]" classname="org.jgrapht.alg.decomposition.DulmageMendelsohnDecompositionTest" time="0.002"/>
  <testcase name="testGeneratedGraph(GnmRandomBipartiteGraphGenerator)[23]" classname="org.jgrapht.alg.decomposition.DulmageMendelsohnDecompositionTest" time="0.001"/>
  <testcase name="testGeneratedGraph(GnmRandomBipartiteGraphGenerator)[24]" classname="org.jgrapht.alg.decomposition.DulmageMendelsohnDecompositionTest" time="0.001"/>
  <testcase name="testGeneratedGraph(GnmRandomBipartiteGraphGenerator)[25]" classname="org.jgrapht.alg.decomposition.DulmageMendelsohnDecompositionTest" time="0.002"/>
  <testcase name="testGeneratedGraph(GnmRandomBipartiteGraphGenerator)[26]" classname="org.jgrapht.alg.decomposition.DulmageMendelsohnDecompositionTest" time="0.001"/>
  <testcase name="testGeneratedGraph(GnmRandomBipartiteGraphGenerator)[27]" classname="org.jgrapht.alg.decomposition.DulmageMendelsohnDecompositionTest" time="0.0"/>
  <testcase name="testGeneratedGraph(GnmRandomBipartiteGraphGenerator)[28]" classname="org.jgrapht.alg.decomposition.DulmageMendelsohnDecompositionTest" time="0.001"/>
  <testcase name="testGeneratedGraph(GnmRandomBipartiteGraphGenerator)[29]" classname="org.jgrapht.alg.decomposition.DulmageMendelsohnDecompositionTest" time="0.001"/>
  <testcase name="testGeneratedGraph(GnmRandomBipartiteGraphGenerator)[30]" classname="org.jgrapht.alg.decomposition.DulmageMendelsohnDecompositionTest" time="0.003"/>
  <testcase name="testGeneratedGraph(GnmRandomBipartiteGraphGenerator)[31]" classname="org.jgrapht.alg.decomposition.DulmageMendelsohnDecompositionTest" time="0.003"/>
  <testcase name="testGeneratedGraph(GnmRandomBipartiteGraphGenerator)[32]" classname="org.jgrapht.alg.decomposition.DulmageMendelsohnDecompositionTest" time="0.001"/>
  <testcase name="testGeneratedGraph(GnmRandomBipartiteGraphGenerator)[33]" classname="org.jgrapht.alg.decomposition.DulmageMendelsohnDecompositionTest" time="0.001"/>
  <testcase name="testGeneratedGraph(GnmRandomBipartiteGraphGenerator)[34]" classname="org.jgrapht.alg.decomposition.DulmageMendelsohnDecompositionTest" time="0.004"/>
  <testcase name="testGeneratedGraph(GnmRandomBipartiteGraphGenerator)[35]" classname="org.jgrapht.alg.decomposition.DulmageMendelsohnDecompositionTest" time="0.0"/>
  <testcase name="testGeneratedGraph(GnmRandomBipartiteGraphGenerator)[36]" classname="org.jgrapht.alg.decomposition.DulmageMendelsohnDecompositionTest" time="0.002"/>
  <testcase name="testGeneratedGraph(GnmRandomBipartiteGraphGenerator)[37]" classname="org.jgrapht.alg.decomposition.DulmageMendelsohnDecompositionTest" time="0.002"/>
  <testcase name="testGeneratedGraph(GnmRandomBipartiteGraphGenerator)[38]" classname="org.jgrapht.alg.decomposition.DulmageMendelsohnDecompositionTest" time="0.001"/>
  <testcase name="testGeneratedGraph(GnmRandomBipartiteGraphGenerator)[39]" classname="org.jgrapht.alg.decomposition.DulmageMendelsohnDecompositionTest" time="0.004"/>
  <testcase name="testGeneratedGraph(GnmRandomBipartiteGraphGenerator)[40]" classname="org.jgrapht.alg.decomposition.DulmageMendelsohnDecompositionTest" time="0.001"/>
  <testcase name="testGeneratedGraph(GnmRandomBipartiteGraphGenerator)[41]" classname="org.jgrapht.alg.decomposition.DulmageMendelsohnDecompositionTest" time="0.004"/>
  <testcase name="testGeneratedGraph(GnmRandomBipartiteGraphGenerator)[42]" classname="org.jgrapht.alg.decomposition.DulmageMendelsohnDecompositionTest" time="0.001"/>
  <testcase name="testGeneratedGraph(GnmRandomBipartiteGraphGenerator)[43]" classname="org.jgrapht.alg.decomposition.DulmageMendelsohnDecompositionTest" time="0.004"/>
  <testcase name="testGeneratedGraph(GnmRandomBipartiteGraphGenerator)[44]" classname="org.jgrapht.alg.decomposition.DulmageMendelsohnDecompositionTest" time="0.003"/>
  <testcase name="testGeneratedGraph(GnmRandomBipartiteGraphGenerator)[45]" classname="org.jgrapht.alg.decomposition.DulmageMendelsohnDecompositionTest" time="0.004"/>
  <testcase name="testGeneratedGraph(GnmRandomBipartiteGraphGenerator)[46]" classname="org.jgrapht.alg.decomposition.DulmageMendelsohnDecompositionTest" time="0.002"/>
  <testcase name="testGeneratedGraph(GnmRandomBipartiteGraphGenerator)[47]" classname="org.jgrapht.alg.decomposition.DulmageMendelsohnDecompositionTest" time="0.005"/>
  <testcase name="testGeneratedGraph(GnmRandomBipartiteGraphGenerator)[48]" classname="org.jgrapht.alg.decomposition.DulmageMendelsohnDecompositionTest" time="0.003"/>
  <testcase name="testGeneratedGraph(GnmRandomBipartiteGraphGenerator)[49]" classname="org.jgrapht.alg.decomposition.DulmageMendelsohnDecompositionTest" time="0.002"/>
  <testcase name="testGeneratedGraph(GnmRandomBipartiteGraphGenerator)[50]" classname="org.jgrapht.alg.decomposition.DulmageMendelsohnDecompositionTest" time="0.002"/>
  <testcase name="testGeneratedGraph(GnmRandomBipartiteGraphGenerator)[51]" classname="org.jgrapht.alg.decomposition.DulmageMendelsohnDecompositionTest" time="0.001"/>
  <testcase name="testGeneratedGraph(GnmRandomBipartiteGraphGenerator)[52]" classname="org.jgrapht.alg.decomposition.DulmageMendelsohnDecompositionTest" time="0.002"/>
  <testcase name="testGeneratedGraph(GnmRandomBipartiteGraphGenerator)[53]" classname="org.jgrapht.alg.decomposition.DulmageMendelsohnDecompositionTest" time="0.007"/>
  <testcase name="testGeneratedGraph(GnmRandomBipartiteGraphGenerator)[54]" classname="org.jgrapht.alg.decomposition.DulmageMendelsohnDecompositionTest" time="0.008"/>
  <testcase name="testGeneratedGraph(GnmRandomBipartiteGraphGenerator)[55]" classname="org.jgrapht.alg.decomposition.DulmageMendelsohnDecompositionTest" time="0.005"/>
  <testcase name="testGeneratedGraph(GnmRandomBipartiteGraphGenerator)[56]" classname="org.jgrapht.alg.decomposition.DulmageMendelsohnDecompositionTest" time="0.008"/>
  <testcase name="testGeneratedGraph(GnmRandomBipartiteGraphGenerator)[57]" classname="org.jgrapht.alg.decomposition.DulmageMendelsohnDecompositionTest" time="0.008"/>
  <testcase name="testGeneratedGraph(GnmRandomBipartiteGraphGenerator)[58]" classname="org.jgrapht.alg.decomposition.DulmageMendelsohnDecompositionTest" time="0.011"/>
  <testcase name="testGeneratedGraph(GnmRandomBipartiteGraphGenerator)[59]" classname="org.jgrapht.alg.decomposition.DulmageMendelsohnDecompositionTest" time="0.001"/>
  <testcase name="testGeneratedGraph(GnmRandomBipartiteGraphGenerator)[60]" classname="org.jgrapht.alg.decomposition.DulmageMendelsohnDecompositionTest" time="0.013"/>
  <testcase name="testGeneratedGraph(GnmRandomBipartiteGraphGenerator)[61]" classname="org.jgrapht.alg.decomposition.DulmageMendelsohnDecompositionTest" time="0.004"/>
  <testcase name="testGeneratedGraph(GnmRandomBipartiteGraphGenerator)[62]" classname="org.jgrapht.alg.decomposition.DulmageMendelsohnDecompositionTest" time="0.003"/>
  <testcase name="testGeneratedGraph(GnmRandomBipartiteGraphGenerator)[63]" classname="org.jgrapht.alg.decomposition.DulmageMendelsohnDecompositionTest" time="0.006"/>
  <testcase name="testGeneratedGraph(GnmRandomBipartiteGraphGenerator)[64]" classname="org.jgrapht.alg.decomposition.DulmageMendelsohnDecompositionTest" time="0.001"/>
  <testcase name="testGeneratedGraph(GnmRandomBipartiteGraphGenerator)[65]" classname="org.jgrapht.alg.decomposition.DulmageMendelsohnDecompositionTest" time="0.01"/>
  <testcase name="testGeneratedGraph(GnmRandomBipartiteGraphGenerator)[66]" classname="org.jgrapht.alg.decomposition.DulmageMendelsohnDecompositionTest" time="0.018"/>
  <testcase name="testGeneratedGraph(GnmRandomBipartiteGraphGenerator)[67]" classname="org.jgrapht.alg.decomposition.DulmageMendelsohnDecompositionTest" time="0.003"/>
  <testcase name="testGeneratedGraph(GnmRandomBipartiteGraphGenerator)[68]" classname="org.jgrapht.alg.decomposition.DulmageMendelsohnDecompositionTest" time="0.007"/>
  <testcase name="testGeneratedGraph(GnmRandomBipartiteGraphGenerator)[69]" classname="org.jgrapht.alg.decomposition.DulmageMendelsohnDecompositionTest" time="0.014"/>
  <testcase name="testGeneratedGraph(GnmRandomBipartiteGraphGenerator)[70]" classname="org.jgrapht.alg.decomposition.DulmageMendelsohnDecompositionTest" time="0.008"/>
  <testcase name="testGeneratedGraph(GnmRandomBipartiteGraphGenerator)[71]" classname="org.jgrapht.alg.decomposition.DulmageMendelsohnDecompositionTest" time="0.008"/>
  <testcase name="testGeneratedGraph(GnmRandomBipartiteGraphGenerator)[72]" classname="org.jgrapht.alg.decomposition.DulmageMendelsohnDecompositionTest" time="0.012"/>
  <testcase name="testGeneratedGraph(GnmRandomBipartiteGraphGenerator)[73]" classname="org.jgrapht.alg.decomposition.DulmageMendelsohnDecompositionTest" time="0.002"/>
  <testcase name="testGeneratedGraph(GnmRandomBipartiteGraphGenerator)[74]" classname="org.jgrapht.alg.decomposition.DulmageMendelsohnDecompositionTest" time="0.015"/>
  <testcase name="testGeneratedGraph(GnmRandomBipartiteGraphGenerator)[75]" classname="org.jgrapht.alg.decomposition.DulmageMendelsohnDecompositionTest" time="0.012"/>
  <testcase name="testGeneratedGraph(GnmRandomBipartiteGraphGenerator)[76]" classname="org.jgrapht.alg.decomposition.DulmageMendelsohnDecompositionTest" time="0.004"/>
  <testcase name="testGeneratedGraph(GnmRandomBipartiteGraphGenerator)[77]" classname="org.jgrapht.alg.decomposition.DulmageMendelsohnDecompositionTest" time="0.005"/>
  <testcase name="testGeneratedGraph(GnmRandomBipartiteGraphGenerator)[78]" classname="org.jgrapht.alg.decomposition.DulmageMendelsohnDecompositionTest" time="0.019"/>
  <testcase name="testGeneratedGraph(GnmRandomBipartiteGraphGenerator)[79]" classname="org.jgrapht.alg.decomposition.DulmageMendelsohnDecompositionTest" time="0.012"/>
  <testcase name="testGeneratedGraph(GnmRandomBipartiteGraphGenerator)[80]" classname="org.jgrapht.alg.decomposition.DulmageMendelsohnDecompositionTest" time="0.007"/>
  <testcase name="testGeneratedGraph(GnmRandomBipartiteGraphGenerator)[81]" classname="org.jgrapht.alg.decomposition.DulmageMendelsohnDecompositionTest" time="0.003"/>
  <testcase name="testGeneratedGraph(GnmRandomBipartiteGraphGenerator)[82]" classname="org.jgrapht.alg.decomposition.DulmageMendelsohnDecompositionTest" time="0.018"/>
  <testcase name="testGeneratedGraph(GnmRandomBipartiteGraphGenerator)[83]" classname="org.jgrapht.alg.decomposition.DulmageMendelsohnDecompositionTest" time="0.007"/>
  <testcase name="testGeneratedGraph(GnmRandomBipartiteGraphGenerator)[84]" classname="org.jgrapht.alg.decomposition.DulmageMendelsohnDecompositionTest" time="0.011"/>
  <testcase name="testGeneratedGraph(GnmRandomBipartiteGraphGenerator)[85]" classname="org.jgrapht.alg.decomposition.DulmageMendelsohnDecompositionTest" time="0.013"/>
  <testcase name="testGeneratedGraph(GnmRandomBipartiteGraphGenerator)[86]" classname="org.jgrapht.alg.decomposition.DulmageMendelsohnDecompositionTest" time="0.012"/>
  <testcase name="testGeneratedGraph(GnmRandomBipartiteGraphGenerator)[87]" classname="org.jgrapht.alg.decomposition.DulmageMendelsohnDecompositionTest" time="0.002"/>
  <testcase name="testGeneratedGraph(GnmRandomBipartiteGraphGenerator)[88]" classname="org.jgrapht.alg.decomposition.DulmageMendelsohnDecompositionTest" time="0.021"/>
  <testcase name="testGeneratedGraph(GnmRandomBipartiteGraphGenerator)[89]" classname="org.jgrapht.alg.decomposition.DulmageMendelsohnDecompositionTest" time="0.011"/>
  <testcase name="testGeneratedGraph(GnmRandomBipartiteGraphGenerator)[90]" classname="org.jgrapht.alg.decomposition.DulmageMendelsohnDecompositionTest" time="0.011"/>
  <testcase name="testGeneratedGraph(GnmRandomBipartiteGraphGenerator)[91]" classname="org.jgrapht.alg.decomposition.DulmageMendelsohnDecompositionTest" time="0.018"/>
  <testcase name="testGeneratedGraph(GnmRandomBipartiteGraphGenerator)[92]" classname="org.jgrapht.alg.decomposition.DulmageMendelsohnDecompositionTest" time="0.024"/>
  <testcase name="testGeneratedGraph(GnmRandomBipartiteGraphGenerator)[93]" classname="org.jgrapht.alg.decomposition.DulmageMendelsohnDecompositionTest" time="0.03"/>
  <testcase name="testGeneratedGraph(GnmRandomBipartiteGraphGenerator)[94]" classname="org.jgrapht.alg.decomposition.DulmageMendelsohnDecompositionTest" time="0.027"/>
  <testcase name="testGeneratedGraph(GnmRandomBipartiteGraphGenerator)[95]" classname="org.jgrapht.alg.decomposition.DulmageMendelsohnDecompositionTest" time="0.008"/>
  <testcase name="testGeneratedGraph(GnmRandomBipartiteGraphGenerator)[96]" classname="org.jgrapht.alg.decomposition.DulmageMendelsohnDecompositionTest" time="0.001"/>
  <testcase name="testGeneratedGraph(GnmRandomBipartiteGraphGenerator)[97]" classname="org.jgrapht.alg.decomposition.DulmageMendelsohnDecompositionTest" time="0.021"/>
  <testcase name="testGeneratedGraph(GnmRandomBipartiteGraphGenerator)[98]" classname="org.jgrapht.alg.decomposition.DulmageMendelsohnDecompositionTest" time="0.004"/>
  <testcase name="testGeneratedGraph(GnmRandomBipartiteGraphGenerator)[99]" classname="org.jgrapht.alg.decomposition.DulmageMendelsohnDecompositionTest" time="0.024"/>
  <testcase name="testGeneratedGraph(GnmRandomBipartiteGraphGenerator)[100]" classname="org.jgrapht.alg.decomposition.DulmageMendelsohnDecompositionTest" time="0.028"/>
</testsuite>