<?xml version="1.0" encoding="UTF-8"?>
<testsuite xmlns:xsi="http://www.w3.org/2001/XMLSchema-instance" xsi:noNamespaceSchemaLocation="https://maven.apache.org/surefire/maven-surefire-plugin/xsd/surefire-test-report-3.0.xsd" version="3.0" name="org.jgrapht.graph.SimpleIdentityDirectedGraphTest" time="0.007" tests="21" errors="0" skipped="0" failures="0">
  <properties>
[...]
</properties>
  <testcase name="testContainsEdgeObjectObject" classname="org.jgrapht.graph.SimpleIdentityDirectedGraphTest" time="0.002"/>
  <testcase name="testOutgoingEdgesOf" classname="org.jgrapht.graph.SimpleIdentityDirectedGraphTest" time="0.001"/>
  <testcase name="testContainsVertex" classname="org.jgrapht.graph.SimpleIdentityDirectedGraphTest" time="0.0"/>
  <testcase name="testRemoveEdgeObjectObject" classname="org.jgrapht.graph.SimpleIdentityDirectedGraphTest" time="0.0"/>
  <testcase name="testRemoveEdgeEdge" classname="org.jgrapht.graph.SimpleIdentityDirectedGraphTest" time="0.0"/>
  <testcase name="testGetAllEdges" classname="org.jgrapht.graph.SimpleIdentityDirectedGraphTest" time="0.0"/>
  <testcase name="testVertexSet" classname="org.jgrapht.graph.SimpleIdentityDirectedGraphTest" time="0.001"/>
  <testcase name="testGetEdge" classname="org.jgrapht.graph.SimpleIdentityDirectedGraphTest" time="0.0"/>
  <testcase name="testInDegreeOf" classname="org.jgrapht.graph.SimpleIdentityDirectedGraphTest" time="0.0"/>
  <testcase name="testGetEdgeSupplier" classname="org.jgrapht.graph.SimpleIdentityDirectedGraphTest" time="0.0"/>
  <testcase name="testAddEdgeEdge" classname="org.jgrapht.graph.SimpleIdentityDirectedGraphTest" time="0.0"/>
  <testcase name="testContainsEdgeEdge" classname="org.jgrapht.graph.SimpleIdentityDirectedGraphTest" time="0.001"/>
  <testcase name="testRemoveVertex" classname="org.jgrapht.graph.SimpleIdentityDirectedGraphTest" time="0.0"/>
  <testcase name="testAddVertex" classname="org.jgrapht.graph.SimpleIdentityDirectedGraphTest" time="0.0"/>
  <testcase name="testReversedView" classname="org.jgrapht.graph.SimpleIdentityDirectedGraphTest" time="0.0"/>
  <testcase name="testAddEdgeObjectObject" classname="org.jgrapht.graph.SimpleIdentityDirectedGraphTest" time="0.001"/>
  <testcase name="testOutDegreeOf" classname="org.jgrapht.graph.SimpleIdentityDirectedGraphTest" time="0.0"/>
  <testcase name="testRemoveAllEdgesObjectObject" classname="org.jgrapht.graph.SimpleIdentityDirectedGraphTest" time="0.001"/>
  <testcase name="testEdgeSet" classname="org.jgrapht.graph.SimpleIdentityDirectedGraphTest" time="0.0"/>
  <testcase name="testEdgesOf" classname="org.jgrapht.graph.SimpleIdentityDirectedGraphTest" time="0.0"/>
  <testcase name="testIncomingOutgoingEdgesOf" classname="org.jgrapht.graph.SimpleIdentityDirectedGraphTest" time="0.0"/>
</testsuite>